[2021-09-13 16:15:03,187] DEBUG preRegister called. Server=com.sun.jmx.mbeanserver.JmxMBeanServer@ed9d034, name=log4j:logger=kafka.controller (kafka.controller)
[2021-09-13 16:29:17,843] DEBUG preRegister called. Server=com.sun.jmx.mbeanserver.JmxMBeanServer@ed9d034, name=log4j:logger=kafka.controller (kafka.controller)
[2021-09-13 16:31:56,862] INFO [ControllerEventThread controllerId=0] Starting (kafka.controller.ControllerEventManager$ControllerEventThread)
[2021-09-13 16:31:56,880] INFO [Controller id=0] 0 successfully elected as the controller. Epoch incremented to 2 and epoch zk version is now 2 (kafka.controller.KafkaController)
[2021-09-13 16:31:56,882] INFO [Controller id=0] Registering handlers (kafka.controller.KafkaController)
[2021-09-13 16:31:56,884] INFO [Controller id=0] Deleting log dir event notifications (kafka.controller.KafkaController)
[2021-09-13 16:31:56,886] INFO [Controller id=0] Deleting isr change notifications (kafka.controller.KafkaController)
[2021-09-13 16:31:56,889] INFO [Controller id=0] Initializing controller context (kafka.controller.KafkaController)
[2021-09-13 16:31:56,906] INFO [Controller id=0] Initialized broker epochs cache: Map(0 -> 65) (kafka.controller.KafkaController)
[2021-09-13 16:31:56,912] DEBUG [Controller id=0] Register BrokerModifications handler for Set(0) (kafka.controller.KafkaController)
[2021-09-13 16:31:56,917] DEBUG [Channel manager on controller 0]: Controller 0 trying to connect to broker 0 (kafka.controller.ControllerChannelManager)
[2021-09-13 16:31:56,925] INFO [RequestSendThread controllerId=0] Starting (kafka.controller.RequestSendThread)
[2021-09-13 16:31:56,925] INFO [Controller id=0] Currently active brokers in the cluster: Set(0) (kafka.controller.KafkaController)
[2021-09-13 16:31:56,925] INFO [Controller id=0] Currently shutting brokers in the cluster: Set() (kafka.controller.KafkaController)
[2021-09-13 16:31:56,926] INFO [Controller id=0] Current list of topics in the cluster: Set() (kafka.controller.KafkaController)
[2021-09-13 16:31:56,926] INFO [Controller id=0] Fetching topic deletions in progress (kafka.controller.KafkaController)
[2021-09-13 16:31:56,930] INFO [Controller id=0] List of topics to be deleted:  (kafka.controller.KafkaController)
[2021-09-13 16:31:56,931] INFO [Controller id=0] List of topics ineligible for deletion:  (kafka.controller.KafkaController)
[2021-09-13 16:31:56,931] INFO [Controller id=0] Initializing topic deletion manager (kafka.controller.KafkaController)
[2021-09-13 16:31:56,932] INFO [Topic Deletion Manager 0] Initializing manager with initial deletions: Set(), initial ineligible deletions: Set() (kafka.controller.TopicDeletionManager)
[2021-09-13 16:31:56,932] INFO [Controller id=0] Sending update metadata request (kafka.controller.KafkaController)
[2021-09-13 16:31:56,943] INFO [ReplicaStateMachine controllerId=0] Initializing replica state (kafka.controller.ZkReplicaStateMachine)
[2021-09-13 16:31:56,944] INFO [ReplicaStateMachine controllerId=0] Triggering online replica state changes (kafka.controller.ZkReplicaStateMachine)
[2021-09-13 16:31:56,948] INFO [ReplicaStateMachine controllerId=0] Triggering offline replica state changes (kafka.controller.ZkReplicaStateMachine)
[2021-09-13 16:31:56,949] DEBUG [ReplicaStateMachine controllerId=0] Started replica state machine with initial state -> Map() (kafka.controller.ZkReplicaStateMachine)
[2021-09-13 16:31:56,949] INFO [PartitionStateMachine controllerId=0] Initializing partition state (kafka.controller.ZkPartitionStateMachine)
[2021-09-13 16:31:56,950] INFO [PartitionStateMachine controllerId=0] Triggering online partition state changes (kafka.controller.ZkPartitionStateMachine)
[2021-09-13 16:31:56,954] DEBUG [PartitionStateMachine controllerId=0] Started partition state machine with initial state -> Map() (kafka.controller.ZkPartitionStateMachine)
[2021-09-13 16:31:56,954] INFO [RequestSendThread controllerId=0] Controller 0 connected to DESKTOP-JOUQIAF:9092 (id: 0 rack: null) for sending state change requests (kafka.controller.RequestSendThread)
[2021-09-13 16:31:56,954] INFO [Controller id=0] Ready to serve as the new controller with epoch 2 (kafka.controller.KafkaController)
[2021-09-13 16:31:56,961] INFO [Controller id=0] Partitions undergoing preferred replica election:  (kafka.controller.KafkaController)
[2021-09-13 16:31:56,961] INFO [Controller id=0] Partitions that completed preferred replica election:  (kafka.controller.KafkaController)
[2021-09-13 16:31:56,961] INFO [Controller id=0] Skipping preferred replica election for partitions due to topic deletion:  (kafka.controller.KafkaController)
[2021-09-13 16:31:56,961] INFO [Controller id=0] Resuming preferred replica election for partitions:  (kafka.controller.KafkaController)
[2021-09-13 16:31:56,963] INFO [Controller id=0] Starting replica leader election (PREFERRED) for partitions  triggered by ZkTriggered (kafka.controller.KafkaController)
[2021-09-13 16:31:56,975] INFO [Controller id=0] Starting the controller scheduler (kafka.controller.KafkaController)
[2021-09-13 16:32:01,980] INFO [Controller id=0] Processing automatic preferred replica leader election (kafka.controller.KafkaController)
[2021-09-13 16:32:01,981] TRACE [Controller id=0] Checking need to trigger auto leader balancing (kafka.controller.KafkaController)
[2021-09-13 16:37:02,001] INFO [Controller id=0] Processing automatic preferred replica leader election (kafka.controller.KafkaController)
[2021-09-13 16:37:02,002] TRACE [Controller id=0] Checking need to trigger auto leader balancing (kafka.controller.KafkaController)
[2021-09-13 16:42:02,015] INFO [Controller id=0] Processing automatic preferred replica leader election (kafka.controller.KafkaController)
[2021-09-13 16:42:02,015] TRACE [Controller id=0] Checking need to trigger auto leader balancing (kafka.controller.KafkaController)
[2021-09-13 16:47:02,028] INFO [Controller id=0] Processing automatic preferred replica leader election (kafka.controller.KafkaController)
[2021-09-13 16:47:02,029] TRACE [Controller id=0] Checking need to trigger auto leader balancing (kafka.controller.KafkaController)
