[2021-09-13 16:31:56,221] INFO Starting the log cleaner (kafka.log.LogCleaner)
[2021-09-13 16:31:56,267] INFO [kafka-log-cleaner-thread-0]: Starting (kafka.log.LogCleaner)
[2021-09-14 09:18:38,920] INFO Starting the log cleaner (kafka.log.LogCleaner)
[2021-09-14 09:18:38,967] INFO [kafka-log-cleaner-thread-0]: Starting (kafka.log.LogCleaner)
[2021-09-14 09:21:54,152] INFO Shutting down the log cleaner. (kafka.log.LogCleaner)
[2021-09-14 09:21:54,153] INFO [kafka-log-cleaner-thread-0]: Shutting down (kafka.log.LogCleaner)
[2021-09-14 09:21:54,153] INFO [kafka-log-cleaner-thread-0]: Stopped (kafka.log.LogCleaner)
[2021-09-14 09:21:54,153] INFO [kafka-log-cleaner-thread-0]: Shutdown completed (kafka.log.LogCleaner)
[2021-09-14 09:45:11,408] INFO Starting the log cleaner (kafka.log.LogCleaner)
[2021-09-14 09:45:11,452] INFO [kafka-log-cleaner-thread-0]: Starting (kafka.log.LogCleaner)
[2021-09-15 19:20:54,566] INFO Starting the log cleaner (kafka.log.LogCleaner)
[2021-09-15 19:20:54,621] INFO [kafka-log-cleaner-thread-0]: Starting (kafka.log.LogCleaner)
[2021-09-15 20:04:03,998] INFO Shutting down the log cleaner. (kafka.log.LogCleaner)
[2021-09-15 20:04:04,000] INFO [kafka-log-cleaner-thread-0]: Shutting down (kafka.log.LogCleaner)
[2021-09-15 20:04:04,001] INFO [kafka-log-cleaner-thread-0]: Stopped (kafka.log.LogCleaner)
[2021-09-15 20:04:04,001] INFO [kafka-log-cleaner-thread-0]: Shutdown completed (kafka.log.LogCleaner)
[2021-09-15 20:34:45,785] INFO Starting the log cleaner (kafka.log.LogCleaner)
[2021-09-15 20:34:45,838] INFO [kafka-log-cleaner-thread-0]: Starting (kafka.log.LogCleaner)
[2021-09-16 00:05:51,836] INFO Starting the log cleaner (kafka.log.LogCleaner)
[2021-09-16 00:05:51,891] INFO [kafka-log-cleaner-thread-0]: Starting (kafka.log.LogCleaner)
[2021-09-16 00:05:53,036] INFO Shutting down the log cleaner. (kafka.log.LogCleaner)
[2021-09-16 00:05:53,036] INFO [kafka-log-cleaner-thread-0]: Shutting down (kafka.log.LogCleaner)
[2021-09-16 00:05:53,036] INFO [kafka-log-cleaner-thread-0]: Stopped (kafka.log.LogCleaner)
[2021-09-16 00:05:53,036] INFO [kafka-log-cleaner-thread-0]: Shutdown completed (kafka.log.LogCleaner)
[2021-09-16 00:17:32,437] INFO Starting the log cleaner (kafka.log.LogCleaner)
[2021-09-16 00:17:32,489] INFO [kafka-log-cleaner-thread-0]: Starting (kafka.log.LogCleaner)
[2021-09-16 10:27:06,956] INFO Starting the log cleaner (kafka.log.LogCleaner)
[2021-09-16 10:27:07,011] INFO [kafka-log-cleaner-thread-0]: Starting (kafka.log.LogCleaner)
[2021-09-16 10:32:09,650] INFO Starting the log cleaner (kafka.log.LogCleaner)
[2021-09-16 10:32:09,695] INFO [kafka-log-cleaner-thread-0]: Starting (kafka.log.LogCleaner)
[2021-09-16 10:47:55,301] INFO Starting the log cleaner (kafka.log.LogCleaner)
[2021-09-16 10:47:55,348] INFO [kafka-log-cleaner-thread-0]: Starting (kafka.log.LogCleaner)
[2021-09-16 11:57:53,288] INFO Shutting down the log cleaner. (kafka.log.LogCleaner)
[2021-09-16 11:57:53,290] INFO [kafka-log-cleaner-thread-0]: Shutting down (kafka.log.LogCleaner)
[2021-09-16 11:57:53,290] INFO [kafka-log-cleaner-thread-0]: Stopped (kafka.log.LogCleaner)
[2021-09-16 11:57:53,291] INFO [kafka-log-cleaner-thread-0]: Shutdown completed (kafka.log.LogCleaner)
[2021-09-18 14:04:09,424] INFO Starting the log cleaner (kafka.log.LogCleaner)
[2021-09-18 14:04:09,472] INFO [kafka-log-cleaner-thread-0]: Starting (kafka.log.LogCleaner)
[2021-09-18 14:37:30,840] INFO Starting the log cleaner (kafka.log.LogCleaner)
[2021-09-18 14:37:30,888] INFO [kafka-log-cleaner-thread-0]: Starting (kafka.log.LogCleaner)
[2021-09-18 15:25:20,165] INFO Starting the log cleaner (kafka.log.LogCleaner)
[2021-09-18 15:25:20,218] INFO [kafka-log-cleaner-thread-0]: Starting (kafka.log.LogCleaner)
[2021-09-18 15:26:49,029] INFO Starting the log cleaner (kafka.log.LogCleaner)
[2021-09-18 15:26:49,075] INFO [kafka-log-cleaner-thread-0]: Starting (kafka.log.LogCleaner)
[2021-09-18 15:28:54,722] INFO Starting the log cleaner (kafka.log.LogCleaner)
[2021-09-18 15:28:54,765] INFO [kafka-log-cleaner-thread-0]: Starting (kafka.log.LogCleaner)
[2021-09-18 15:37:09,579] INFO Starting the log cleaner (kafka.log.LogCleaner)
[2021-09-18 15:37:09,628] INFO [kafka-log-cleaner-thread-0]: Starting (kafka.log.LogCleaner)
[2021-09-18 16:35:44,415] INFO Starting the log cleaner (kafka.log.LogCleaner)
[2021-09-18 16:35:44,467] INFO [kafka-log-cleaner-thread-0]: Starting (kafka.log.LogCleaner)
[2021-09-18 18:39:11,384] INFO Starting the log cleaner (kafka.log.LogCleaner)
[2021-09-18 18:39:11,441] INFO [kafka-log-cleaner-thread-0]: Starting (kafka.log.LogCleaner)
[2021-09-18 18:39:28,617] INFO Starting the log cleaner (kafka.log.LogCleaner)
[2021-09-18 18:39:28,662] INFO [kafka-log-cleaner-thread-0]: Starting (kafka.log.LogCleaner)
[2021-09-18 18:39:29,598] INFO Shutting down the log cleaner. (kafka.log.LogCleaner)
[2021-09-18 18:39:29,598] INFO [kafka-log-cleaner-thread-0]: Shutting down (kafka.log.LogCleaner)
[2021-09-18 18:39:29,599] INFO [kafka-log-cleaner-thread-0]: Stopped (kafka.log.LogCleaner)
[2021-09-18 18:39:29,599] INFO [kafka-log-cleaner-thread-0]: Shutdown completed (kafka.log.LogCleaner)
[2021-09-18 18:40:15,032] INFO Starting the log cleaner (kafka.log.LogCleaner)
[2021-09-18 18:40:15,092] INFO [kafka-log-cleaner-thread-0]: Starting (kafka.log.LogCleaner)
[2021-09-18 18:40:28,803] INFO Starting the log cleaner (kafka.log.LogCleaner)
[2021-09-18 18:40:28,849] INFO [kafka-log-cleaner-thread-0]: Starting (kafka.log.LogCleaner)
[2021-09-18 18:40:29,964] INFO Shutting down the log cleaner. (kafka.log.LogCleaner)
[2021-09-18 18:40:29,965] INFO [kafka-log-cleaner-thread-0]: Shutting down (kafka.log.LogCleaner)
[2021-09-18 18:40:29,965] INFO [kafka-log-cleaner-thread-0]: Stopped (kafka.log.LogCleaner)
[2021-09-18 18:40:29,965] INFO [kafka-log-cleaner-thread-0]: Shutdown completed (kafka.log.LogCleaner)
[2021-09-18 18:48:01,415] INFO Starting the log cleaner (kafka.log.LogCleaner)
[2021-09-18 18:48:01,464] INFO [kafka-log-cleaner-thread-0]: Starting (kafka.log.LogCleaner)
