[2021-09-13 16:15:03,166] INFO Reading configuration from: C:\kafka\config\zookeeper.properties (org.apache.zookeeper.server.quorum.QuorumPeerConfig)
[2021-09-13 16:15:03,174] INFO clientPortAddress is 0.0.0.0:2181 (org.apache.zookeeper.server.quorum.QuorumPeerConfig)
[2021-09-13 16:15:03,174] INFO secureClientPort is not set (org.apache.zookeeper.server.quorum.QuorumPeerConfig)
[2021-09-13 16:15:03,177] INFO autopurge.snapRetainCount set to 3 (org.apache.zookeeper.server.DatadirCleanupManager)
[2021-09-13 16:15:03,177] INFO autopurge.purgeInterval set to 0 (org.apache.zookeeper.server.DatadirCleanupManager)
[2021-09-13 16:15:03,177] INFO Purge task is not scheduled. (org.apache.zookeeper.server.DatadirCleanupManager)
[2021-09-13 16:15:03,177] WARN Either no config or no quorum defined in config, running  in standalone mode (org.apache.zookeeper.server.quorum.QuorumPeerMain)
[2021-09-13 16:15:03,181] INFO Log4j 1.2 jmx support found and enabled. (org.apache.zookeeper.jmx.ManagedUtil)
[2021-09-13 16:15:03,190] INFO Reading configuration from: C:\kafka\config\zookeeper.properties (org.apache.zookeeper.server.quorum.QuorumPeerConfig)
[2021-09-13 16:15:03,191] INFO clientPortAddress is 0.0.0.0:2181 (org.apache.zookeeper.server.quorum.QuorumPeerConfig)
[2021-09-13 16:15:03,191] INFO secureClientPort is not set (org.apache.zookeeper.server.quorum.QuorumPeerConfig)
[2021-09-13 16:15:03,191] INFO Starting server (org.apache.zookeeper.server.ZooKeeperServerMain)
[2021-09-13 16:15:03,196] INFO zookeeper.snapshot.trust.empty : false (org.apache.zookeeper.server.persistence.FileTxnSnapLog)
[2021-09-13 16:15:03,209] INFO Server environment:zookeeper.version=3.5.9-83df9301aa5c2a5d284a9940177808c01bc35cef, built on 01/06/2021 20:03 GMT (org.apache.zookeeper.server.ZooKeeperServer)
[2021-09-13 16:15:03,209] INFO Server environment:host.name=DESKTOP-JOUQIAF (org.apache.zookeeper.server.ZooKeeperServer)
[2021-09-13 16:15:03,209] INFO Server environment:java.version=11.0.12 (org.apache.zookeeper.server.ZooKeeperServer)
[2021-09-13 16:15:03,209] INFO Server environment:java.vendor=Azul Systems, Inc. (org.apache.zookeeper.server.ZooKeeperServer)
[2021-09-13 16:15:03,209] INFO Server environment:java.home=C:\Users\domin\.sdkman\candidates\java\11.0.12-zulu (org.apache.zookeeper.server.ZooKeeperServer)
[2021-09-13 16:15:03,209] INFO Server environment:java.class.path=C:\kafka\libs\activation-1.1.1.jar;C:\kafka\libs\aopalliance-repackaged-2.6.1.jar;C:\kafka\libs\argparse4j-0.7.0.jar;C:\kafka\libs\audience-annotations-0.5.0.jar;C:\kafka\libs\commons-cli-1.4.jar;C:\kafka\libs\commons-lang3-3.8.1.jar;C:\kafka\libs\connect-api-2.8.0.jar;C:\kafka\libs\connect-basic-auth-extension-2.8.0.jar;C:\kafka\libs\connect-file-2.8.0.jar;C:\kafka\libs\connect-json-2.8.0.jar;C:\kafka\libs\connect-mirror-2.8.0.jar;C:\kafka\libs\connect-mirror-client-2.8.0.jar;C:\kafka\libs\connect-runtime-2.8.0.jar;C:\kafka\libs\connect-transforms-2.8.0.jar;C:\kafka\libs\hk2-api-2.6.1.jar;C:\kafka\libs\hk2-locator-2.6.1.jar;C:\kafka\libs\hk2-utils-2.6.1.jar;C:\kafka\libs\jackson-annotations-2.10.5.jar;C:\kafka\libs\jackson-core-2.10.5.jar;C:\kafka\libs\jackson-databind-2.10.5.1.jar;C:\kafka\libs\jackson-dataformat-csv-2.10.5.jar;C:\kafka\libs\jackson-datatype-jdk8-2.10.5.jar;C:\kafka\libs\jackson-jaxrs-base-2.10.5.jar;C:\kafka\libs\jackson-jaxrs-json-provider-2.10.5.jar;C:\kafka\libs\jackson-module-jaxb-annotations-2.10.5.jar;C:\kafka\libs\jackson-module-paranamer-2.10.5.jar;C:\kafka\libs\jackson-module-scala_2.12-2.10.5.jar;C:\kafka\libs\jakarta.activation-api-1.2.1.jar;C:\kafka\libs\jakarta.annotation-api-1.3.5.jar;C:\kafka\libs\jakarta.inject-2.6.1.jar;C:\kafka\libs\jakarta.validation-api-2.0.2.jar;C:\kafka\libs\jakarta.ws.rs-api-2.1.6.jar;C:\kafka\libs\jakarta.xml.bind-api-2.3.2.jar;C:\kafka\libs\javassist-3.27.0-GA.jar;C:\kafka\libs\javax.servlet-api-3.1.0.jar;C:\kafka\libs\javax.ws.rs-api-2.1.1.jar;C:\kafka\libs\jaxb-api-2.3.0.jar;C:\kafka\libs\jersey-client-2.31.jar;C:\kafka\libs\jersey-common-2.31.jar;C:\kafka\libs\jersey-container-servlet-2.31.jar;C:\kafka\libs\jersey-container-servlet-core-2.31.jar;C:\kafka\libs\jersey-hk2-2.31.jar;C:\kafka\libs\jersey-media-jaxb-2.31.jar;C:\kafka\libs\jersey-server-2.31.jar;C:\kafka\libs\jetty-client-9.4.39.v20210325.jar;C:\kafka\libs\jetty-continuation-9.4.39.v20210325.jar;C:\kafka\libs\jetty-http-9.4.39.v20210325.jar;C:\kafka\libs\jetty-io-9.4.39.v20210325.jar;C:\kafka\libs\jetty-security-9.4.39.v20210325.jar;C:\kafka\libs\jetty-server-9.4.39.v20210325.jar;C:\kafka\libs\jetty-servlet-9.4.39.v20210325.jar;C:\kafka\libs\jetty-servlets-9.4.39.v20210325.jar;C:\kafka\libs\jetty-util-9.4.39.v20210325.jar;C:\kafka\libs\jetty-util-ajax-9.4.39.v20210325.jar;C:\kafka\libs\jline-3.12.1.jar;C:\kafka\libs\jopt-simple-5.0.4.jar;C:\kafka\libs\kafka-clients-2.8.0.jar;C:\kafka\libs\kafka-log4j-appender-2.8.0.jar;C:\kafka\libs\kafka-metadata-2.8.0.jar;C:\kafka\libs\kafka-raft-2.8.0.jar;C:\kafka\libs\kafka-shell-2.8.0.jar;C:\kafka\libs\kafka-streams-2.8.0.jar;C:\kafka\libs\kafka-streams-examples-2.8.0.jar;C:\kafka\libs\kafka-streams-scala_2.12-2.8.0.jar;C:\kafka\libs\kafka-streams-test-utils-2.8.0.jar;C:\kafka\libs\kafka-tools-2.8.0.jar;C:\kafka\libs\kafka_2.12-2.8.0-javadoc.jar;C:\kafka\libs\kafka_2.12-2.8.0-javadoc.jar.asc;C:\kafka\libs\kafka_2.12-2.8.0-sources.jar;C:\kafka\libs\kafka_2.12-2.8.0-sources.jar.asc;C:\kafka\libs\kafka_2.12-2.8.0-test-sources.jar;C:\kafka\libs\kafka_2.12-2.8.0-test-sources.jar.asc;C:\kafka\libs\kafka_2.12-2.8.0-test.jar;C:\kafka\libs\kafka_2.12-2.8.0-test.jar.asc;C:\kafka\libs\kafka_2.12-2.8.0.jar;C:\kafka\libs\kafka_2.12-2.8.0.jar.asc;C:\kafka\libs\log4j-1.2.17.jar;C:\kafka\libs\lz4-java-1.7.1.jar;C:\kafka\libs\maven-artifact-3.6.3.jar;C:\kafka\libs\metrics-core-2.2.0.jar;C:\kafka\libs\netty-buffer-4.1.62.Final.jar;C:\kafka\libs\netty-codec-4.1.62.Final.jar;C:\kafka\libs\netty-common-4.1.62.Final.jar;C:\kafka\libs\netty-handler-4.1.62.Final.jar;C:\kafka\libs\netty-resolver-4.1.62.Final.jar;C:\kafka\libs\netty-transport-4.1.62.Final.jar;C:\kafka\libs\netty-transport-native-epoll-4.1.62.Final.jar;C:\kafka\libs\netty-transport-native-unix-common-4.1.62.Final.jar;C:\kafka\libs\osgi-resource-locator-1.0.3.jar;C:\kafka\libs\paranamer-2.8.jar;C:\kafka\libs\plexus-utils-3.2.1.jar;C:\kafka\libs\reflections-0.9.12.jar;C:\kafka\libs\rocksdbjni-5.18.4.jar;C:\kafka\libs\scala-collection-compat_2.12-2.3.0.jar;C:\kafka\libs\scala-java8-compat_2.12-0.9.1.jar;C:\kafka\libs\scala-library-2.12.13.jar;C:\kafka\libs\scala-logging_2.12-3.9.2.jar;C:\kafka\libs\scala-reflect-2.12.13.jar;C:\kafka\libs\slf4j-api-1.7.30.jar;C:\kafka\libs\slf4j-log4j12-1.7.30.jar;C:\kafka\libs\snappy-java-1.1.8.1.jar;C:\kafka\libs\zookeeper-3.5.9.jar;C:\kafka\libs\zookeeper-jute-3.5.9.jar;C:\kafka\libs\zstd-jni-1.4.9-1.jar (org.apache.zookeeper.server.ZooKeeperServer)
[2021-09-13 16:15:03,210] INFO Server environment:java.library.path=C:\Users\domin\.sdkman\candidates\java\11.0.12-zulu\bin;C:\Windows\Sun\Java\bin;C:\Windows\system32;C:\Windows;C:\Program Files\PowerShell\7-preview;C:\Users\domin\.sdkman\candidates\java\11.0.12-zulu\bin;C:\Users\domin\.sdkman\candidates\maven\3.8.2\bin;C:\kafka\bin\windows;C:\app\domin\product\18.0.0\dbhomeXE\bin;C:\Windows\system32;C:\Windows;C:\Windows\System32\Wbem;C:\Windows\System32\WindowsPowerShell\v1.0\;C:\Windows\System32\OpenSSH\;C:\Program Files\PowerShell\7-preview\preview;C:\apache-maven-3.8.2\bin;C:\Program Files\Git\cmd;C:\Users\domin\AppData\Local\Microsoft\WindowsApps;C:\Program Files (x86)\GnuWin32\bin;;. (org.apache.zookeeper.server.ZooKeeperServer)
[2021-09-13 16:15:03,210] INFO Server environment:java.io.tmpdir=C:\Users\domin\AppData\Local\Temp\ (org.apache.zookeeper.server.ZooKeeperServer)
[2021-09-13 16:15:03,210] INFO Server environment:java.compiler=<NA> (org.apache.zookeeper.server.ZooKeeperServer)
[2021-09-13 16:15:03,210] INFO Server environment:os.name=Windows 10 (org.apache.zookeeper.server.ZooKeeperServer)
[2021-09-13 16:15:03,211] INFO Server environment:os.arch=amd64 (org.apache.zookeeper.server.ZooKeeperServer)
[2021-09-13 16:15:03,211] INFO Server environment:os.version=10.0 (org.apache.zookeeper.server.ZooKeeperServer)
[2021-09-13 16:15:03,211] INFO Server environment:user.name=domin (org.apache.zookeeper.server.ZooKeeperServer)
[2021-09-13 16:15:03,211] INFO Server environment:user.home=C:\Users\domin (org.apache.zookeeper.server.ZooKeeperServer)
[2021-09-13 16:15:03,211] INFO Server environment:user.dir=C:\Users\domin (org.apache.zookeeper.server.ZooKeeperServer)
[2021-09-13 16:15:03,211] INFO Server environment:os.memory.free=494MB (org.apache.zookeeper.server.ZooKeeperServer)
[2021-09-13 16:15:03,211] INFO Server environment:os.memory.max=512MB (org.apache.zookeeper.server.ZooKeeperServer)
[2021-09-13 16:15:03,211] INFO Server environment:os.memory.total=512MB (org.apache.zookeeper.server.ZooKeeperServer)
[2021-09-13 16:15:03,213] INFO minSessionTimeout set to 6000 (org.apache.zookeeper.server.ZooKeeperServer)
[2021-09-13 16:15:03,213] INFO maxSessionTimeout set to 60000 (org.apache.zookeeper.server.ZooKeeperServer)
[2021-09-13 16:15:03,213] INFO Created server with tickTime 3000 minSessionTimeout 6000 maxSessionTimeout 60000 datadir C:\kafka\data\zookeeper\version-2 snapdir C:\kafka\data\zookeeper\version-2 (org.apache.zookeeper.server.ZooKeeperServer)
[2021-09-13 16:15:03,235] INFO Using org.apache.zookeeper.server.NIOServerCnxnFactory as server connection factory (org.apache.zookeeper.server.ServerCnxnFactory)
[2021-09-13 16:15:03,238] INFO Configuring NIO connection handler with 10s sessionless connection timeout, 2 selector thread(s), 16 worker threads, and 64 kB direct buffers. (org.apache.zookeeper.server.NIOServerCnxnFactory)
[2021-09-13 16:15:03,241] INFO binding to port 0.0.0.0/0.0.0.0:2181 (org.apache.zookeeper.server.NIOServerCnxnFactory)
[2021-09-13 16:15:03,254] INFO zookeeper.snapshotSizeFactor = 0.33 (org.apache.zookeeper.server.ZKDatabase)
[2021-09-13 16:15:03,256] INFO Reading snapshot C:\kafka\data\zookeeper\version-2\snapshot.0 (org.apache.zookeeper.server.persistence.FileSnap)
[2021-09-13 16:15:03,275] INFO Snapshotting: 0x2f to C:\kafka\data\zookeeper\version-2\snapshot.2f (org.apache.zookeeper.server.persistence.FileTxnSnapLog)
[2021-09-13 16:15:03,286] INFO PrepRequestProcessor (sid:0) started, reconfigEnabled=false (org.apache.zookeeper.server.PrepRequestProcessor)
[2021-09-13 16:15:03,292] INFO Using checkIntervalMs=60000 maxPerMinute=10000 (org.apache.zookeeper.server.ContainerManager)
[2021-09-13 16:15:22,914] INFO Expiring session 0x100041441760001, timeout of 18000ms exceeded (org.apache.zookeeper.server.ZooKeeperServer)
[2021-09-13 16:15:22,915] INFO Expiring session 0x100041441760000, timeout of 18000ms exceeded (org.apache.zookeeper.server.ZooKeeperServer)
[2021-09-13 16:15:22,921] INFO Creating new log file: log.30 (org.apache.zookeeper.server.persistence.FileTxnLog)
[2021-09-13 16:29:17,825] INFO Reading configuration from: C:\kafka\config\zookeeper.properties (org.apache.zookeeper.server.quorum.QuorumPeerConfig)
[2021-09-13 16:29:17,831] INFO clientPortAddress is 0.0.0.0:2181 (org.apache.zookeeper.server.quorum.QuorumPeerConfig)
[2021-09-13 16:29:17,832] INFO secureClientPort is not set (org.apache.zookeeper.server.quorum.QuorumPeerConfig)
[2021-09-13 16:29:17,833] INFO autopurge.snapRetainCount set to 3 (org.apache.zookeeper.server.DatadirCleanupManager)
[2021-09-13 16:29:17,833] INFO autopurge.purgeInterval set to 0 (org.apache.zookeeper.server.DatadirCleanupManager)
[2021-09-13 16:29:17,833] INFO Purge task is not scheduled. (org.apache.zookeeper.server.DatadirCleanupManager)
[2021-09-13 16:29:17,834] WARN Either no config or no quorum defined in config, running  in standalone mode (org.apache.zookeeper.server.quorum.QuorumPeerMain)
[2021-09-13 16:29:17,836] INFO Log4j 1.2 jmx support found and enabled. (org.apache.zookeeper.jmx.ManagedUtil)
[2021-09-13 16:29:17,846] INFO Reading configuration from: C:\kafka\config\zookeeper.properties (org.apache.zookeeper.server.quorum.QuorumPeerConfig)
[2021-09-13 16:29:17,846] INFO clientPortAddress is 0.0.0.0:2181 (org.apache.zookeeper.server.quorum.QuorumPeerConfig)
[2021-09-13 16:29:17,846] INFO secureClientPort is not set (org.apache.zookeeper.server.quorum.QuorumPeerConfig)
[2021-09-13 16:29:17,847] INFO Starting server (org.apache.zookeeper.server.ZooKeeperServerMain)
[2021-09-13 16:29:17,849] INFO zookeeper.snapshot.trust.empty : false (org.apache.zookeeper.server.persistence.FileTxnSnapLog)
[2021-09-13 16:29:17,855] INFO Server environment:zookeeper.version=3.5.9-83df9301aa5c2a5d284a9940177808c01bc35cef, built on 01/06/2021 20:03 GMT (org.apache.zookeeper.server.ZooKeeperServer)
[2021-09-13 16:29:17,856] INFO Server environment:host.name=DESKTOP-JOUQIAF (org.apache.zookeeper.server.ZooKeeperServer)
[2021-09-13 16:29:17,856] INFO Server environment:java.version=11.0.12 (org.apache.zookeeper.server.ZooKeeperServer)
[2021-09-13 16:29:17,856] INFO Server environment:java.vendor=Azul Systems, Inc. (org.apache.zookeeper.server.ZooKeeperServer)
[2021-09-13 16:29:17,856] INFO Server environment:java.home=C:\Users\domin\.sdkman\candidates\java\11.0.12-zulu (org.apache.zookeeper.server.ZooKeeperServer)
[2021-09-13 16:29:17,856] INFO Server environment:java.class.path=C:\kafka\libs\activation-1.1.1.jar;C:\kafka\libs\aopalliance-repackaged-2.6.1.jar;C:\kafka\libs\argparse4j-0.7.0.jar;C:\kafka\libs\audience-annotations-0.5.0.jar;C:\kafka\libs\commons-cli-1.4.jar;C:\kafka\libs\commons-lang3-3.8.1.jar;C:\kafka\libs\connect-api-2.8.0.jar;C:\kafka\libs\connect-basic-auth-extension-2.8.0.jar;C:\kafka\libs\connect-file-2.8.0.jar;C:\kafka\libs\connect-json-2.8.0.jar;C:\kafka\libs\connect-mirror-2.8.0.jar;C:\kafka\libs\connect-mirror-client-2.8.0.jar;C:\kafka\libs\connect-runtime-2.8.0.jar;C:\kafka\libs\connect-transforms-2.8.0.jar;C:\kafka\libs\hk2-api-2.6.1.jar;C:\kafka\libs\hk2-locator-2.6.1.jar;C:\kafka\libs\hk2-utils-2.6.1.jar;C:\kafka\libs\jackson-annotations-2.10.5.jar;C:\kafka\libs\jackson-core-2.10.5.jar;C:\kafka\libs\jackson-databind-2.10.5.1.jar;C:\kafka\libs\jackson-dataformat-csv-2.10.5.jar;C:\kafka\libs\jackson-datatype-jdk8-2.10.5.jar;C:\kafka\libs\jackson-jaxrs-base-2.10.5.jar;C:\kafka\libs\jackson-jaxrs-json-provider-2.10.5.jar;C:\kafka\libs\jackson-module-jaxb-annotations-2.10.5.jar;C:\kafka\libs\jackson-module-paranamer-2.10.5.jar;C:\kafka\libs\jackson-module-scala_2.12-2.10.5.jar;C:\kafka\libs\jakarta.activation-api-1.2.1.jar;C:\kafka\libs\jakarta.annotation-api-1.3.5.jar;C:\kafka\libs\jakarta.inject-2.6.1.jar;C:\kafka\libs\jakarta.validation-api-2.0.2.jar;C:\kafka\libs\jakarta.ws.rs-api-2.1.6.jar;C:\kafka\libs\jakarta.xml.bind-api-2.3.2.jar;C:\kafka\libs\javassist-3.27.0-GA.jar;C:\kafka\libs\javax.servlet-api-3.1.0.jar;C:\kafka\libs\javax.ws.rs-api-2.1.1.jar;C:\kafka\libs\jaxb-api-2.3.0.jar;C:\kafka\libs\jersey-client-2.31.jar;C:\kafka\libs\jersey-common-2.31.jar;C:\kafka\libs\jersey-container-servlet-2.31.jar;C:\kafka\libs\jersey-container-servlet-core-2.31.jar;C:\kafka\libs\jersey-hk2-2.31.jar;C:\kafka\libs\jersey-media-jaxb-2.31.jar;C:\kafka\libs\jersey-server-2.31.jar;C:\kafka\libs\jetty-client-9.4.39.v20210325.jar;C:\kafka\libs\jetty-continuation-9.4.39.v20210325.jar;C:\kafka\libs\jetty-http-9.4.39.v20210325.jar;C:\kafka\libs\jetty-io-9.4.39.v20210325.jar;C:\kafka\libs\jetty-security-9.4.39.v20210325.jar;C:\kafka\libs\jetty-server-9.4.39.v20210325.jar;C:\kafka\libs\jetty-servlet-9.4.39.v20210325.jar;C:\kafka\libs\jetty-servlets-9.4.39.v20210325.jar;C:\kafka\libs\jetty-util-9.4.39.v20210325.jar;C:\kafka\libs\jetty-util-ajax-9.4.39.v20210325.jar;C:\kafka\libs\jline-3.12.1.jar;C:\kafka\libs\jopt-simple-5.0.4.jar;C:\kafka\libs\kafka-clients-2.8.0.jar;C:\kafka\libs\kafka-log4j-appender-2.8.0.jar;C:\kafka\libs\kafka-metadata-2.8.0.jar;C:\kafka\libs\kafka-raft-2.8.0.jar;C:\kafka\libs\kafka-shell-2.8.0.jar;C:\kafka\libs\kafka-streams-2.8.0.jar;C:\kafka\libs\kafka-streams-examples-2.8.0.jar;C:\kafka\libs\kafka-streams-scala_2.12-2.8.0.jar;C:\kafka\libs\kafka-streams-test-utils-2.8.0.jar;C:\kafka\libs\kafka-tools-2.8.0.jar;C:\kafka\libs\kafka_2.12-2.8.0-javadoc.jar;C:\kafka\libs\kafka_2.12-2.8.0-javadoc.jar.asc;C:\kafka\libs\kafka_2.12-2.8.0-sources.jar;C:\kafka\libs\kafka_2.12-2.8.0-sources.jar.asc;C:\kafka\libs\kafka_2.12-2.8.0-test-sources.jar;C:\kafka\libs\kafka_2.12-2.8.0-test-sources.jar.asc;C:\kafka\libs\kafka_2.12-2.8.0-test.jar;C:\kafka\libs\kafka_2.12-2.8.0-test.jar.asc;C:\kafka\libs\kafka_2.12-2.8.0.jar;C:\kafka\libs\kafka_2.12-2.8.0.jar.asc;C:\kafka\libs\log4j-1.2.17.jar;C:\kafka\libs\lz4-java-1.7.1.jar;C:\kafka\libs\maven-artifact-3.6.3.jar;C:\kafka\libs\metrics-core-2.2.0.jar;C:\kafka\libs\netty-buffer-4.1.62.Final.jar;C:\kafka\libs\netty-codec-4.1.62.Final.jar;C:\kafka\libs\netty-common-4.1.62.Final.jar;C:\kafka\libs\netty-handler-4.1.62.Final.jar;C:\kafka\libs\netty-resolver-4.1.62.Final.jar;C:\kafka\libs\netty-transport-4.1.62.Final.jar;C:\kafka\libs\netty-transport-native-epoll-4.1.62.Final.jar;C:\kafka\libs\netty-transport-native-unix-common-4.1.62.Final.jar;C:\kafka\libs\osgi-resource-locator-1.0.3.jar;C:\kafka\libs\paranamer-2.8.jar;C:\kafka\libs\plexus-utils-3.2.1.jar;C:\kafka\libs\reflections-0.9.12.jar;C:\kafka\libs\rocksdbjni-5.18.4.jar;C:\kafka\libs\scala-collection-compat_2.12-2.3.0.jar;C:\kafka\libs\scala-java8-compat_2.12-0.9.1.jar;C:\kafka\libs\scala-library-2.12.13.jar;C:\kafka\libs\scala-logging_2.12-3.9.2.jar;C:\kafka\libs\scala-reflect-2.12.13.jar;C:\kafka\libs\slf4j-api-1.7.30.jar;C:\kafka\libs\slf4j-log4j12-1.7.30.jar;C:\kafka\libs\snappy-java-1.1.8.1.jar;C:\kafka\libs\zookeeper-3.5.9.jar;C:\kafka\libs\zookeeper-jute-3.5.9.jar;C:\kafka\libs\zstd-jni-1.4.9-1.jar (org.apache.zookeeper.server.ZooKeeperServer)
[2021-09-13 16:29:17,857] INFO Server environment:java.library.path=C:\Users\domin\.sdkman\candidates\java\11.0.12-zulu\bin;C:\Windows\Sun\Java\bin;C:\Windows\system32;C:\Windows;C:\Program Files\PowerShell\7-preview;C:\Users\domin\.sdkman\candidates\java\11.0.12-zulu\bin;C:\Users\domin\.sdkman\candidates\maven\3.8.2\bin;C:\kafka\bin\windows;C:\app\domin\product\18.0.0\dbhomeXE\bin;C:\Windows\system32;C:\Windows;C:\Windows\System32\Wbem;C:\Windows\System32\WindowsPowerShell\v1.0\;C:\Windows\System32\OpenSSH\;C:\Program Files\PowerShell\7-preview\preview;C:\apache-maven-3.8.2\bin;C:\Program Files\Git\cmd;C:\Users\domin\AppData\Local\Microsoft\WindowsApps;C:\Program Files (x86)\GnuWin32\bin;;. (org.apache.zookeeper.server.ZooKeeperServer)
[2021-09-13 16:29:17,858] INFO Server environment:java.io.tmpdir=C:\Users\domin\AppData\Local\Temp\ (org.apache.zookeeper.server.ZooKeeperServer)
[2021-09-13 16:29:17,858] INFO Server environment:java.compiler=<NA> (org.apache.zookeeper.server.ZooKeeperServer)
[2021-09-13 16:29:17,858] INFO Server environment:os.name=Windows 10 (org.apache.zookeeper.server.ZooKeeperServer)
[2021-09-13 16:29:17,858] INFO Server environment:os.arch=amd64 (org.apache.zookeeper.server.ZooKeeperServer)
[2021-09-13 16:29:17,858] INFO Server environment:os.version=10.0 (org.apache.zookeeper.server.ZooKeeperServer)
[2021-09-13 16:29:17,858] INFO Server environment:user.name=domin (org.apache.zookeeper.server.ZooKeeperServer)
[2021-09-13 16:29:17,858] INFO Server environment:user.home=C:\Users\domin (org.apache.zookeeper.server.ZooKeeperServer)
[2021-09-13 16:29:17,858] INFO Server environment:user.dir=C:\Users\domin (org.apache.zookeeper.server.ZooKeeperServer)
[2021-09-13 16:29:17,858] INFO Server environment:os.memory.free=494MB (org.apache.zookeeper.server.ZooKeeperServer)
[2021-09-13 16:29:17,858] INFO Server environment:os.memory.max=512MB (org.apache.zookeeper.server.ZooKeeperServer)
[2021-09-13 16:29:17,859] INFO Server environment:os.memory.total=512MB (org.apache.zookeeper.server.ZooKeeperServer)
[2021-09-13 16:29:17,860] INFO minSessionTimeout set to 6000 (org.apache.zookeeper.server.ZooKeeperServer)
[2021-09-13 16:29:17,860] INFO maxSessionTimeout set to 60000 (org.apache.zookeeper.server.ZooKeeperServer)
[2021-09-13 16:29:17,860] INFO Created server with tickTime 3000 minSessionTimeout 6000 maxSessionTimeout 60000 datadir C:\kafka\data\zookeeper\version-2 snapdir C:\kafka\data\zookeeper\version-2 (org.apache.zookeeper.server.ZooKeeperServer)
[2021-09-13 16:29:17,871] INFO Using org.apache.zookeeper.server.NIOServerCnxnFactory as server connection factory (org.apache.zookeeper.server.ServerCnxnFactory)
[2021-09-13 16:29:17,873] INFO Configuring NIO connection handler with 10s sessionless connection timeout, 2 selector thread(s), 16 worker threads, and 64 kB direct buffers. (org.apache.zookeeper.server.NIOServerCnxnFactory)
[2021-09-13 16:29:17,875] INFO binding to port 0.0.0.0/0.0.0.0:2181 (org.apache.zookeeper.server.NIOServerCnxnFactory)
[2021-09-13 16:29:17,885] INFO zookeeper.snapshotSizeFactor = 0.33 (org.apache.zookeeper.server.ZKDatabase)
[2021-09-13 16:29:17,890] INFO Reading snapshot C:\kafka\data\zookeeper\version-2\snapshot.2f (org.apache.zookeeper.server.persistence.FileSnap)
[2021-09-13 16:29:17,904] INFO Snapshotting: 0x31 to C:\kafka\data\zookeeper\version-2\snapshot.31 (org.apache.zookeeper.server.persistence.FileTxnSnapLog)
[2021-09-13 16:29:17,914] INFO PrepRequestProcessor (sid:0) started, reconfigEnabled=false (org.apache.zookeeper.server.PrepRequestProcessor)
[2021-09-13 16:29:17,917] INFO Using checkIntervalMs=60000 maxPerMinute=10000 (org.apache.zookeeper.server.ContainerManager)
[2021-09-13 16:31:55,280] INFO Registered kafka:type=kafka.Log4jController MBean (kafka.utils.Log4jControllerRegistration$)
[2021-09-13 16:31:55,661] INFO Setting -D jdk.tls.rejectClientInitiatedRenegotiation=true to disable client-initiated TLS renegotiation (org.apache.zookeeper.common.X509Util)
[2021-09-13 16:31:55,736] INFO starting (kafka.server.KafkaServer)
[2021-09-13 16:31:55,736] INFO Connecting to zookeeper on localhost:2181 (kafka.server.KafkaServer)
[2021-09-13 16:31:55,754] INFO [ZooKeeperClient Kafka server] Initializing a new session to localhost:2181. (kafka.zookeeper.ZooKeeperClient)
[2021-09-13 16:31:55,758] INFO Client environment:zookeeper.version=3.5.9-83df9301aa5c2a5d284a9940177808c01bc35cef, built on 01/06/2021 20:03 GMT (org.apache.zookeeper.ZooKeeper)
[2021-09-13 16:31:55,758] INFO Client environment:host.name=DESKTOP-JOUQIAF (org.apache.zookeeper.ZooKeeper)
[2021-09-13 16:31:55,758] INFO Client environment:java.version=11.0.12 (org.apache.zookeeper.ZooKeeper)
[2021-09-13 16:31:55,758] INFO Client environment:java.vendor=Azul Systems, Inc. (org.apache.zookeeper.ZooKeeper)
[2021-09-13 16:31:55,759] INFO Client environment:java.home=C:\Users\domin\.sdkman\candidates\java\11.0.12-zulu (org.apache.zookeeper.ZooKeeper)
[2021-09-13 16:31:55,759] INFO Client environment:java.class.path=C:\kafka\libs\activation-1.1.1.jar;C:\kafka\libs\aopalliance-repackaged-2.6.1.jar;C:\kafka\libs\argparse4j-0.7.0.jar;C:\kafka\libs\audience-annotations-0.5.0.jar;C:\kafka\libs\commons-cli-1.4.jar;C:\kafka\libs\commons-lang3-3.8.1.jar;C:\kafka\libs\connect-api-2.8.0.jar;C:\kafka\libs\connect-basic-auth-extension-2.8.0.jar;C:\kafka\libs\connect-file-2.8.0.jar;C:\kafka\libs\connect-json-2.8.0.jar;C:\kafka\libs\connect-mirror-2.8.0.jar;C:\kafka\libs\connect-mirror-client-2.8.0.jar;C:\kafka\libs\connect-runtime-2.8.0.jar;C:\kafka\libs\connect-transforms-2.8.0.jar;C:\kafka\libs\hk2-api-2.6.1.jar;C:\kafka\libs\hk2-locator-2.6.1.jar;C:\kafka\libs\hk2-utils-2.6.1.jar;C:\kafka\libs\jackson-annotations-2.10.5.jar;C:\kafka\libs\jackson-core-2.10.5.jar;C:\kafka\libs\jackson-databind-2.10.5.1.jar;C:\kafka\libs\jackson-dataformat-csv-2.10.5.jar;C:\kafka\libs\jackson-datatype-jdk8-2.10.5.jar;C:\kafka\libs\jackson-jaxrs-base-2.10.5.jar;C:\kafka\libs\jackson-jaxrs-json-provider-2.10.5.jar;C:\kafka\libs\jackson-module-jaxb-annotations-2.10.5.jar;C:\kafka\libs\jackson-module-paranamer-2.10.5.jar;C:\kafka\libs\jackson-module-scala_2.12-2.10.5.jar;C:\kafka\libs\jakarta.activation-api-1.2.1.jar;C:\kafka\libs\jakarta.annotation-api-1.3.5.jar;C:\kafka\libs\jakarta.inject-2.6.1.jar;C:\kafka\libs\jakarta.validation-api-2.0.2.jar;C:\kafka\libs\jakarta.ws.rs-api-2.1.6.jar;C:\kafka\libs\jakarta.xml.bind-api-2.3.2.jar;C:\kafka\libs\javassist-3.27.0-GA.jar;C:\kafka\libs\javax.servlet-api-3.1.0.jar;C:\kafka\libs\javax.ws.rs-api-2.1.1.jar;C:\kafka\libs\jaxb-api-2.3.0.jar;C:\kafka\libs\jersey-client-2.31.jar;C:\kafka\libs\jersey-common-2.31.jar;C:\kafka\libs\jersey-container-servlet-2.31.jar;C:\kafka\libs\jersey-container-servlet-core-2.31.jar;C:\kafka\libs\jersey-hk2-2.31.jar;C:\kafka\libs\jersey-media-jaxb-2.31.jar;C:\kafka\libs\jersey-server-2.31.jar;C:\kafka\libs\jetty-client-9.4.39.v20210325.jar;C:\kafka\libs\jetty-continuation-9.4.39.v20210325.jar;C:\kafka\libs\jetty-http-9.4.39.v20210325.jar;C:\kafka\libs\jetty-io-9.4.39.v20210325.jar;C:\kafka\libs\jetty-security-9.4.39.v20210325.jar;C:\kafka\libs\jetty-server-9.4.39.v20210325.jar;C:\kafka\libs\jetty-servlet-9.4.39.v20210325.jar;C:\kafka\libs\jetty-servlets-9.4.39.v20210325.jar;C:\kafka\libs\jetty-util-9.4.39.v20210325.jar;C:\kafka\libs\jetty-util-ajax-9.4.39.v20210325.jar;C:\kafka\libs\jline-3.12.1.jar;C:\kafka\libs\jopt-simple-5.0.4.jar;C:\kafka\libs\kafka-clients-2.8.0.jar;C:\kafka\libs\kafka-log4j-appender-2.8.0.jar;C:\kafka\libs\kafka-metadata-2.8.0.jar;C:\kafka\libs\kafka-raft-2.8.0.jar;C:\kafka\libs\kafka-shell-2.8.0.jar;C:\kafka\libs\kafka-streams-2.8.0.jar;C:\kafka\libs\kafka-streams-examples-2.8.0.jar;C:\kafka\libs\kafka-streams-scala_2.12-2.8.0.jar;C:\kafka\libs\kafka-streams-test-utils-2.8.0.jar;C:\kafka\libs\kafka-tools-2.8.0.jar;C:\kafka\libs\kafka_2.12-2.8.0-javadoc.jar;C:\kafka\libs\kafka_2.12-2.8.0-javadoc.jar.asc;C:\kafka\libs\kafka_2.12-2.8.0-sources.jar;C:\kafka\libs\kafka_2.12-2.8.0-sources.jar.asc;C:\kafka\libs\kafka_2.12-2.8.0-test-sources.jar;C:\kafka\libs\kafka_2.12-2.8.0-test-sources.jar.asc;C:\kafka\libs\kafka_2.12-2.8.0-test.jar;C:\kafka\libs\kafka_2.12-2.8.0-test.jar.asc;C:\kafka\libs\kafka_2.12-2.8.0.jar;C:\kafka\libs\kafka_2.12-2.8.0.jar.asc;C:\kafka\libs\log4j-1.2.17.jar;C:\kafka\libs\lz4-java-1.7.1.jar;C:\kafka\libs\maven-artifact-3.6.3.jar;C:\kafka\libs\metrics-core-2.2.0.jar;C:\kafka\libs\netty-buffer-4.1.62.Final.jar;C:\kafka\libs\netty-codec-4.1.62.Final.jar;C:\kafka\libs\netty-common-4.1.62.Final.jar;C:\kafka\libs\netty-handler-4.1.62.Final.jar;C:\kafka\libs\netty-resolver-4.1.62.Final.jar;C:\kafka\libs\netty-transport-4.1.62.Final.jar;C:\kafka\libs\netty-transport-native-epoll-4.1.62.Final.jar;C:\kafka\libs\netty-transport-native-unix-common-4.1.62.Final.jar;C:\kafka\libs\osgi-resource-locator-1.0.3.jar;C:\kafka\libs\paranamer-2.8.jar;C:\kafka\libs\plexus-utils-3.2.1.jar;C:\kafka\libs\reflections-0.9.12.jar;C:\kafka\libs\rocksdbjni-5.18.4.jar;C:\kafka\libs\scala-collection-compat_2.12-2.3.0.jar;C:\kafka\libs\scala-java8-compat_2.12-0.9.1.jar;C:\kafka\libs\scala-library-2.12.13.jar;C:\kafka\libs\scala-logging_2.12-3.9.2.jar;C:\kafka\libs\scala-reflect-2.12.13.jar;C:\kafka\libs\slf4j-api-1.7.30.jar;C:\kafka\libs\slf4j-log4j12-1.7.30.jar;C:\kafka\libs\snappy-java-1.1.8.1.jar;C:\kafka\libs\zookeeper-3.5.9.jar;C:\kafka\libs\zookeeper-jute-3.5.9.jar;C:\kafka\libs\zstd-jni-1.4.9-1.jar (org.apache.zookeeper.ZooKeeper)
[2021-09-13 16:31:55,760] INFO Client environment:java.library.path=C:\Users\domin\.sdkman\candidates\java\11.0.12-zulu\bin;C:\Windows\Sun\Java\bin;C:\Windows\system32;C:\Windows;C:\Program Files\PowerShell\7-preview;C:\Users\domin\.sdkman\candidates\java\11.0.12-zulu\bin;C:\Users\domin\.sdkman\candidates\maven\3.8.2\bin;C:\kafka\bin\windows;C:\app\domin\product\18.0.0\dbhomeXE\bin;C:\Windows\system32;C:\Windows;C:\Windows\System32\Wbem;C:\Windows\System32\WindowsPowerShell\v1.0\;C:\Windows\System32\OpenSSH\;C:\Program Files\PowerShell\7-preview\preview;C:\apache-maven-3.8.2\bin;C:\Program Files\Git\cmd;C:\Users\domin\AppData\Local\Microsoft\WindowsApps;C:\Program Files (x86)\GnuWin32\bin;;. (org.apache.zookeeper.ZooKeeper)
[2021-09-13 16:31:55,761] INFO Client environment:java.io.tmpdir=C:\Users\domin\AppData\Local\Temp\ (org.apache.zookeeper.ZooKeeper)
[2021-09-13 16:31:55,761] INFO Client environment:java.compiler=<NA> (org.apache.zookeeper.ZooKeeper)
[2021-09-13 16:31:55,761] INFO Client environment:os.name=Windows 10 (org.apache.zookeeper.ZooKeeper)
[2021-09-13 16:31:55,761] INFO Client environment:os.arch=amd64 (org.apache.zookeeper.ZooKeeper)
[2021-09-13 16:31:55,761] INFO Client environment:os.version=10.0 (org.apache.zookeeper.ZooKeeper)
[2021-09-13 16:31:55,761] INFO Client environment:user.name=domin (org.apache.zookeeper.ZooKeeper)
[2021-09-13 16:31:55,761] INFO Client environment:user.home=C:\Users\domin (org.apache.zookeeper.ZooKeeper)
[2021-09-13 16:31:55,761] INFO Client environment:user.dir=C:\Users\domin (org.apache.zookeeper.ZooKeeper)
[2021-09-13 16:31:55,761] INFO Client environment:os.memory.free=1010MB (org.apache.zookeeper.ZooKeeper)
[2021-09-13 16:31:55,761] INFO Client environment:os.memory.max=1024MB (org.apache.zookeeper.ZooKeeper)
[2021-09-13 16:31:55,762] INFO Client environment:os.memory.total=1024MB (org.apache.zookeeper.ZooKeeper)
[2021-09-13 16:31:55,764] INFO Initiating client connection, connectString=localhost:2181 sessionTimeout=18000 watcher=kafka.zookeeper.ZooKeeperClient$ZooKeeperClientWatcher$@40844aab (org.apache.zookeeper.ZooKeeper)
[2021-09-13 16:31:55,773] INFO jute.maxbuffer value is 4194304 Bytes (org.apache.zookeeper.ClientCnxnSocket)
[2021-09-13 16:31:55,778] INFO zookeeper.request.timeout value is 0. feature enabled= (org.apache.zookeeper.ClientCnxn)
[2021-09-13 16:31:55,783] INFO [ZooKeeperClient Kafka server] Waiting until connected. (kafka.zookeeper.ZooKeeperClient)
[2021-09-13 16:31:55,788] INFO Opening socket connection to server localhost/127.0.0.1:2181. Will not attempt to authenticate using SASL (unknown error) (org.apache.zookeeper.ClientCnxn)
[2021-09-13 16:31:55,790] INFO Socket connection established, initiating session, client: /127.0.0.1:54937, server: localhost/127.0.0.1:2181 (org.apache.zookeeper.ClientCnxn)
[2021-09-13 16:31:55,801] INFO Creating new log file: log.32 (org.apache.zookeeper.server.persistence.FileTxnLog)
[2021-09-13 16:31:55,808] INFO Session establishment complete on server localhost/127.0.0.1:2181, sessionid = 0x10005f1aadb0000, negotiated timeout = 18000 (org.apache.zookeeper.ClientCnxn)
[2021-09-13 16:31:55,810] INFO [ZooKeeperClient Kafka server] Connected. (kafka.zookeeper.ZooKeeperClient)
[2021-09-13 16:31:55,890] INFO [feature-zk-node-event-process-thread]: Starting (kafka.server.FinalizedFeatureChangeListener$ChangeNotificationProcessorThread)
[2021-09-13 16:31:56,042] INFO Updated cache from existing <empty> to latest FinalizedFeaturesAndEpoch(features=Features{}, epoch=0). (kafka.server.FinalizedFeatureCache)
[2021-09-13 16:31:56,047] INFO Cluster ID = Qynjw4OWSkSbpeMUgDNR8w (kafka.server.KafkaServer)
[2021-09-13 16:31:56,050] WARN No meta.properties file under dir C:\kafka\data\kafka\meta.properties (kafka.server.BrokerMetadataCheckpoint)
[2021-09-13 16:31:56,114] INFO KafkaConfig values: 
	advertised.host.name = null
	advertised.listeners = null
	advertised.port = null
	alter.config.policy.class.name = null
	alter.log.dirs.replication.quota.window.num = 11
	alter.log.dirs.replication.quota.window.size.seconds = 1
	authorizer.class.name = 
	auto.create.topics.enable = true
	auto.leader.rebalance.enable = true
	background.threads = 10
	broker.heartbeat.interval.ms = 2000
	broker.id = 0
	broker.id.generation.enable = true
	broker.rack = null
	broker.session.timeout.ms = 9000
	client.quota.callback.class = null
	compression.type = producer
	connection.failed.authentication.delay.ms = 100
	connections.max.idle.ms = 600000
	connections.max.reauth.ms = 0
	control.plane.listener.name = null
	controlled.shutdown.enable = true
	controlled.shutdown.max.retries = 3
	controlled.shutdown.retry.backoff.ms = 5000
	controller.listener.names = null
	controller.quorum.append.linger.ms = 25
	controller.quorum.election.backoff.max.ms = 1000
	controller.quorum.election.timeout.ms = 1000
	controller.quorum.fetch.timeout.ms = 2000
	controller.quorum.request.timeout.ms = 2000
	controller.quorum.retry.backoff.ms = 20
	controller.quorum.voters = []
	controller.quota.window.num = 11
	controller.quota.window.size.seconds = 1
	controller.socket.timeout.ms = 30000
	create.topic.policy.class.name = null
	default.replication.factor = 1
	delegation.token.expiry.check.interval.ms = 3600000
	delegation.token.expiry.time.ms = 86400000
	delegation.token.master.key = null
	delegation.token.max.lifetime.ms = 604800000
	delegation.token.secret.key = null
	delete.records.purgatory.purge.interval.requests = 1
	delete.topic.enable = true
	fetch.max.bytes = 57671680
	fetch.purgatory.purge.interval.requests = 1000
	group.initial.rebalance.delay.ms = 0
	group.max.session.timeout.ms = 1800000
	group.max.size = 2147483647
	group.min.session.timeout.ms = 6000
	host.name = 
	initial.broker.registration.timeout.ms = 60000
	inter.broker.listener.name = null
	inter.broker.protocol.version = 2.8-IV1
	kafka.metrics.polling.interval.secs = 10
	kafka.metrics.reporters = []
	leader.imbalance.check.interval.seconds = 300
	leader.imbalance.per.broker.percentage = 10
	listener.security.protocol.map = PLAINTEXT:PLAINTEXT,SSL:SSL,SASL_PLAINTEXT:SASL_PLAINTEXT,SASL_SSL:SASL_SSL
	listeners = null
	log.cleaner.backoff.ms = 15000
	log.cleaner.dedupe.buffer.size = 134217728
	log.cleaner.delete.retention.ms = 86400000
	log.cleaner.enable = true
	log.cleaner.io.buffer.load.factor = 0.9
	log.cleaner.io.buffer.size = 524288
	log.cleaner.io.max.bytes.per.second = 1.7976931348623157E308
	log.cleaner.max.compaction.lag.ms = 9223372036854775807
	log.cleaner.min.cleanable.ratio = 0.5
	log.cleaner.min.compaction.lag.ms = 0
	log.cleaner.threads = 1
	log.cleanup.policy = [delete]
	log.dir = /tmp/kafka-logs
	log.dirs = C:/kafka/data/kafka
	log.flush.interval.messages = 9223372036854775807
	log.flush.interval.ms = null
	log.flush.offset.checkpoint.interval.ms = 60000
	log.flush.scheduler.interval.ms = 9223372036854775807
	log.flush.start.offset.checkpoint.interval.ms = 60000
	log.index.interval.bytes = 4096
	log.index.size.max.bytes = 10485760
	log.message.downconversion.enable = true
	log.message.format.version = 2.8-IV1
	log.message.timestamp.difference.max.ms = 9223372036854775807
	log.message.timestamp.type = CreateTime
	log.preallocate = false
	log.retention.bytes = -1
	log.retention.check.interval.ms = 300000
	log.retention.hours = 168
	log.retention.minutes = null
	log.retention.ms = null
	log.roll.hours = 168
	log.roll.jitter.hours = 0
	log.roll.jitter.ms = null
	log.roll.ms = null
	log.segment.bytes = 1073741824
	log.segment.delete.delay.ms = 60000
	max.connection.creation.rate = 2147483647
	max.connections = 2147483647
	max.connections.per.ip = 2147483647
	max.connections.per.ip.overrides = 
	max.incremental.fetch.session.cache.slots = 1000
	message.max.bytes = 1048588
	metadata.log.dir = null
	metric.reporters = []
	metrics.num.samples = 2
	metrics.recording.level = INFO
	metrics.sample.window.ms = 30000
	min.insync.replicas = 1
	node.id = -1
	num.io.threads = 8
	num.network.threads = 3
	num.partitions = 1
	num.recovery.threads.per.data.dir = 1
	num.replica.alter.log.dirs.threads = null
	num.replica.fetchers = 1
	offset.metadata.max.bytes = 4096
	offsets.commit.required.acks = -1
	offsets.commit.timeout.ms = 5000
	offsets.load.buffer.size = 5242880
	offsets.retention.check.interval.ms = 600000
	offsets.retention.minutes = 10080
	offsets.topic.compression.codec = 0
	offsets.topic.num.partitions = 50
	offsets.topic.replication.factor = 1
	offsets.topic.segment.bytes = 104857600
	password.encoder.cipher.algorithm = AES/CBC/PKCS5Padding
	password.encoder.iterations = 4096
	password.encoder.key.length = 128
	password.encoder.keyfactory.algorithm = null
	password.encoder.old.secret = null
	password.encoder.secret = null
	port = 9092
	principal.builder.class = null
	process.roles = []
	producer.purgatory.purge.interval.requests = 1000
	queued.max.request.bytes = -1
	queued.max.requests = 500
	quota.consumer.default = 9223372036854775807
	quota.producer.default = 9223372036854775807
	quota.window.num = 11
	quota.window.size.seconds = 1
	replica.fetch.backoff.ms = 1000
	replica.fetch.max.bytes = 1048576
	replica.fetch.min.bytes = 1
	replica.fetch.response.max.bytes = 10485760
	replica.fetch.wait.max.ms = 500
	replica.high.watermark.checkpoint.interval.ms = 5000
	replica.lag.time.max.ms = 30000
	replica.selector.class = null
	replica.socket.receive.buffer.bytes = 65536
	replica.socket.timeout.ms = 30000
	replication.quota.window.num = 11
	replication.quota.window.size.seconds = 1
	request.timeout.ms = 30000
	reserved.broker.max.id = 1000
	sasl.client.callback.handler.class = null
	sasl.enabled.mechanisms = [GSSAPI]
	sasl.jaas.config = null
	sasl.kerberos.kinit.cmd = /usr/bin/kinit
	sasl.kerberos.min.time.before.relogin = 60000
	sasl.kerberos.principal.to.local.rules = [DEFAULT]
	sasl.kerberos.service.name = null
	sasl.kerberos.ticket.renew.jitter = 0.05
	sasl.kerberos.ticket.renew.window.factor = 0.8
	sasl.login.callback.handler.class = null
	sasl.login.class = null
	sasl.login.refresh.buffer.seconds = 300
	sasl.login.refresh.min.period.seconds = 60
	sasl.login.refresh.window.factor = 0.8
	sasl.login.refresh.window.jitter = 0.05
	sasl.mechanism.controller.protocol = GSSAPI
	sasl.mechanism.inter.broker.protocol = GSSAPI
	sasl.server.callback.handler.class = null
	security.inter.broker.protocol = PLAINTEXT
	security.providers = null
	socket.connection.setup.timeout.max.ms = 30000
	socket.connection.setup.timeout.ms = 10000
	socket.receive.buffer.bytes = 102400
	socket.request.max.bytes = 104857600
	socket.send.buffer.bytes = 102400
	ssl.cipher.suites = []
	ssl.client.auth = none
	ssl.enabled.protocols = [TLSv1.2, TLSv1.3]
	ssl.endpoint.identification.algorithm = https
	ssl.engine.factory.class = null
	ssl.key.password = null
	ssl.keymanager.algorithm = SunX509
	ssl.keystore.certificate.chain = null
	ssl.keystore.key = null
	ssl.keystore.location = null
	ssl.keystore.password = null
	ssl.keystore.type = JKS
	ssl.principal.mapping.rules = DEFAULT
	ssl.protocol = TLSv1.3
	ssl.provider = null
	ssl.secure.random.implementation = null
	ssl.trustmanager.algorithm = PKIX
	ssl.truststore.certificates = null
	ssl.truststore.location = null
	ssl.truststore.password = null
	ssl.truststore.type = JKS
	transaction.abort.timed.out.transaction.cleanup.interval.ms = 10000
	transaction.max.timeout.ms = 900000
	transaction.remove.expired.transaction.cleanup.interval.ms = 3600000
	transaction.state.log.load.buffer.size = 5242880
	transaction.state.log.min.isr = 1
	transaction.state.log.num.partitions = 50
	transaction.state.log.replication.factor = 1
	transaction.state.log.segment.bytes = 104857600
	transactional.id.expiration.ms = 604800000
	unclean.leader.election.enable = false
	zookeeper.clientCnxnSocket = null
	zookeeper.connect = localhost:2181
	zookeeper.connection.timeout.ms = 18000
	zookeeper.max.in.flight.requests = 10
	zookeeper.session.timeout.ms = 18000
	zookeeper.set.acl = false
	zookeeper.ssl.cipher.suites = null
	zookeeper.ssl.client.enable = false
	zookeeper.ssl.crl.enable = false
	zookeeper.ssl.enabled.protocols = null
	zookeeper.ssl.endpoint.identification.algorithm = HTTPS
	zookeeper.ssl.keystore.location = null
	zookeeper.ssl.keystore.password = null
	zookeeper.ssl.keystore.type = null
	zookeeper.ssl.ocsp.enable = false
	zookeeper.ssl.protocol = TLSv1.2
	zookeeper.ssl.truststore.location = null
	zookeeper.ssl.truststore.password = null
	zookeeper.ssl.truststore.type = null
	zookeeper.sync.time.ms = 2000
 (kafka.server.KafkaConfig)
[2021-09-13 16:31:56,123] INFO KafkaConfig values: 
	advertised.host.name = null
	advertised.listeners = null
	advertised.port = null
	alter.config.policy.class.name = null
	alter.log.dirs.replication.quota.window.num = 11
	alter.log.dirs.replication.quota.window.size.seconds = 1
	authorizer.class.name = 
	auto.create.topics.enable = true
	auto.leader.rebalance.enable = true
	background.threads = 10
	broker.heartbeat.interval.ms = 2000
	broker.id = 0
	broker.id.generation.enable = true
	broker.rack = null
	broker.session.timeout.ms = 9000
	client.quota.callback.class = null
	compression.type = producer
	connection.failed.authentication.delay.ms = 100
	connections.max.idle.ms = 600000
	connections.max.reauth.ms = 0
	control.plane.listener.name = null
	controlled.shutdown.enable = true
	controlled.shutdown.max.retries = 3
	controlled.shutdown.retry.backoff.ms = 5000
	controller.listener.names = null
	controller.quorum.append.linger.ms = 25
	controller.quorum.election.backoff.max.ms = 1000
	controller.quorum.election.timeout.ms = 1000
	controller.quorum.fetch.timeout.ms = 2000
	controller.quorum.request.timeout.ms = 2000
	controller.quorum.retry.backoff.ms = 20
	controller.quorum.voters = []
	controller.quota.window.num = 11
	controller.quota.window.size.seconds = 1
	controller.socket.timeout.ms = 30000
	create.topic.policy.class.name = null
	default.replication.factor = 1
	delegation.token.expiry.check.interval.ms = 3600000
	delegation.token.expiry.time.ms = 86400000
	delegation.token.master.key = null
	delegation.token.max.lifetime.ms = 604800000
	delegation.token.secret.key = null
	delete.records.purgatory.purge.interval.requests = 1
	delete.topic.enable = true
	fetch.max.bytes = 57671680
	fetch.purgatory.purge.interval.requests = 1000
	group.initial.rebalance.delay.ms = 0
	group.max.session.timeout.ms = 1800000
	group.max.size = 2147483647
	group.min.session.timeout.ms = 6000
	host.name = 
	initial.broker.registration.timeout.ms = 60000
	inter.broker.listener.name = null
	inter.broker.protocol.version = 2.8-IV1
	kafka.metrics.polling.interval.secs = 10
	kafka.metrics.reporters = []
	leader.imbalance.check.interval.seconds = 300
	leader.imbalance.per.broker.percentage = 10
	listener.security.protocol.map = PLAINTEXT:PLAINTEXT,SSL:SSL,SASL_PLAINTEXT:SASL_PLAINTEXT,SASL_SSL:SASL_SSL
	listeners = null
	log.cleaner.backoff.ms = 15000
	log.cleaner.dedupe.buffer.size = 134217728
	log.cleaner.delete.retention.ms = 86400000
	log.cleaner.enable = true
	log.cleaner.io.buffer.load.factor = 0.9
	log.cleaner.io.buffer.size = 524288
	log.cleaner.io.max.bytes.per.second = 1.7976931348623157E308
	log.cleaner.max.compaction.lag.ms = 9223372036854775807
	log.cleaner.min.cleanable.ratio = 0.5
	log.cleaner.min.compaction.lag.ms = 0
	log.cleaner.threads = 1
	log.cleanup.policy = [delete]
	log.dir = /tmp/kafka-logs
	log.dirs = C:/kafka/data/kafka
	log.flush.interval.messages = 9223372036854775807
	log.flush.interval.ms = null
	log.flush.offset.checkpoint.interval.ms = 60000
	log.flush.scheduler.interval.ms = 9223372036854775807
	log.flush.start.offset.checkpoint.interval.ms = 60000
	log.index.interval.bytes = 4096
	log.index.size.max.bytes = 10485760
	log.message.downconversion.enable = true
	log.message.format.version = 2.8-IV1
	log.message.timestamp.difference.max.ms = 9223372036854775807
	log.message.timestamp.type = CreateTime
	log.preallocate = false
	log.retention.bytes = -1
	log.retention.check.interval.ms = 300000
	log.retention.hours = 168
	log.retention.minutes = null
	log.retention.ms = null
	log.roll.hours = 168
	log.roll.jitter.hours = 0
	log.roll.jitter.ms = null
	log.roll.ms = null
	log.segment.bytes = 1073741824
	log.segment.delete.delay.ms = 60000
	max.connection.creation.rate = 2147483647
	max.connections = 2147483647
	max.connections.per.ip = 2147483647
	max.connections.per.ip.overrides = 
	max.incremental.fetch.session.cache.slots = 1000
	message.max.bytes = 1048588
	metadata.log.dir = null
	metric.reporters = []
	metrics.num.samples = 2
	metrics.recording.level = INFO
	metrics.sample.window.ms = 30000
	min.insync.replicas = 1
	node.id = -1
	num.io.threads = 8
	num.network.threads = 3
	num.partitions = 1
	num.recovery.threads.per.data.dir = 1
	num.replica.alter.log.dirs.threads = null
	num.replica.fetchers = 1
	offset.metadata.max.bytes = 4096
	offsets.commit.required.acks = -1
	offsets.commit.timeout.ms = 5000
	offsets.load.buffer.size = 5242880
	offsets.retention.check.interval.ms = 600000
	offsets.retention.minutes = 10080
	offsets.topic.compression.codec = 0
	offsets.topic.num.partitions = 50
	offsets.topic.replication.factor = 1
	offsets.topic.segment.bytes = 104857600
	password.encoder.cipher.algorithm = AES/CBC/PKCS5Padding
	password.encoder.iterations = 4096
	password.encoder.key.length = 128
	password.encoder.keyfactory.algorithm = null
	password.encoder.old.secret = null
	password.encoder.secret = null
	port = 9092
	principal.builder.class = null
	process.roles = []
	producer.purgatory.purge.interval.requests = 1000
	queued.max.request.bytes = -1
	queued.max.requests = 500
	quota.consumer.default = 9223372036854775807
	quota.producer.default = 9223372036854775807
	quota.window.num = 11
	quota.window.size.seconds = 1
	replica.fetch.backoff.ms = 1000
	replica.fetch.max.bytes = 1048576
	replica.fetch.min.bytes = 1
	replica.fetch.response.max.bytes = 10485760
	replica.fetch.wait.max.ms = 500
	replica.high.watermark.checkpoint.interval.ms = 5000
	replica.lag.time.max.ms = 30000
	replica.selector.class = null
	replica.socket.receive.buffer.bytes = 65536
	replica.socket.timeout.ms = 30000
	replication.quota.window.num = 11
	replication.quota.window.size.seconds = 1
	request.timeout.ms = 30000
	reserved.broker.max.id = 1000
	sasl.client.callback.handler.class = null
	sasl.enabled.mechanisms = [GSSAPI]
	sasl.jaas.config = null
	sasl.kerberos.kinit.cmd = /usr/bin/kinit
	sasl.kerberos.min.time.before.relogin = 60000
	sasl.kerberos.principal.to.local.rules = [DEFAULT]
	sasl.kerberos.service.name = null
	sasl.kerberos.ticket.renew.jitter = 0.05
	sasl.kerberos.ticket.renew.window.factor = 0.8
	sasl.login.callback.handler.class = null
	sasl.login.class = null
	sasl.login.refresh.buffer.seconds = 300
	sasl.login.refresh.min.period.seconds = 60
	sasl.login.refresh.window.factor = 0.8
	sasl.login.refresh.window.jitter = 0.05
	sasl.mechanism.controller.protocol = GSSAPI
	sasl.mechanism.inter.broker.protocol = GSSAPI
	sasl.server.callback.handler.class = null
	security.inter.broker.protocol = PLAINTEXT
	security.providers = null
	socket.connection.setup.timeout.max.ms = 30000
	socket.connection.setup.timeout.ms = 10000
	socket.receive.buffer.bytes = 102400
	socket.request.max.bytes = 104857600
	socket.send.buffer.bytes = 102400
	ssl.cipher.suites = []
	ssl.client.auth = none
	ssl.enabled.protocols = [TLSv1.2, TLSv1.3]
	ssl.endpoint.identification.algorithm = https
	ssl.engine.factory.class = null
	ssl.key.password = null
	ssl.keymanager.algorithm = SunX509
	ssl.keystore.certificate.chain = null
	ssl.keystore.key = null
	ssl.keystore.location = null
	ssl.keystore.password = null
	ssl.keystore.type = JKS
	ssl.principal.mapping.rules = DEFAULT
	ssl.protocol = TLSv1.3
	ssl.provider = null
	ssl.secure.random.implementation = null
	ssl.trustmanager.algorithm = PKIX
	ssl.truststore.certificates = null
	ssl.truststore.location = null
	ssl.truststore.password = null
	ssl.truststore.type = JKS
	transaction.abort.timed.out.transaction.cleanup.interval.ms = 10000
	transaction.max.timeout.ms = 900000
	transaction.remove.expired.transaction.cleanup.interval.ms = 3600000
	transaction.state.log.load.buffer.size = 5242880
	transaction.state.log.min.isr = 1
	transaction.state.log.num.partitions = 50
	transaction.state.log.replication.factor = 1
	transaction.state.log.segment.bytes = 104857600
	transactional.id.expiration.ms = 604800000
	unclean.leader.election.enable = false
	zookeeper.clientCnxnSocket = null
	zookeeper.connect = localhost:2181
	zookeeper.connection.timeout.ms = 18000
	zookeeper.max.in.flight.requests = 10
	zookeeper.session.timeout.ms = 18000
	zookeeper.set.acl = false
	zookeeper.ssl.cipher.suites = null
	zookeeper.ssl.client.enable = false
	zookeeper.ssl.crl.enable = false
	zookeeper.ssl.enabled.protocols = null
	zookeeper.ssl.endpoint.identification.algorithm = HTTPS
	zookeeper.ssl.keystore.location = null
	zookeeper.ssl.keystore.password = null
	zookeeper.ssl.keystore.type = null
	zookeeper.ssl.ocsp.enable = false
	zookeeper.ssl.protocol = TLSv1.2
	zookeeper.ssl.truststore.location = null
	zookeeper.ssl.truststore.password = null
	zookeeper.ssl.truststore.type = null
	zookeeper.sync.time.ms = 2000
 (kafka.server.KafkaConfig)
[2021-09-13 16:31:56,158] INFO [ThrottledChannelReaper-Fetch]: Starting (kafka.server.ClientQuotaManager$ThrottledChannelReaper)
[2021-09-13 16:31:56,159] INFO [ThrottledChannelReaper-Produce]: Starting (kafka.server.ClientQuotaManager$ThrottledChannelReaper)
[2021-09-13 16:31:56,161] INFO [ThrottledChannelReaper-Request]: Starting (kafka.server.ClientQuotaManager$ThrottledChannelReaper)
[2021-09-13 16:31:56,162] INFO [ThrottledChannelReaper-ControllerMutation]: Starting (kafka.server.ClientQuotaManager$ThrottledChannelReaper)
[2021-09-13 16:31:56,196] INFO Loading logs from log dirs ArrayBuffer(C:\kafka\data\kafka) (kafka.log.LogManager)
[2021-09-13 16:31:56,200] INFO Attempting recovery for all logs in C:\kafka\data\kafka since no clean shutdown file was found (kafka.log.LogManager)
[2021-09-13 16:31:56,209] INFO Loaded 0 logs in 12ms. (kafka.log.LogManager)
[2021-09-13 16:31:56,209] INFO Starting log cleanup with a period of 300000 ms. (kafka.log.LogManager)
[2021-09-13 16:31:56,211] INFO Starting log flusher with a default period of 9223372036854775807 ms. (kafka.log.LogManager)
[2021-09-13 16:31:56,636] INFO Updated connection-accept-rate max connection creation rate to 2147483647 (kafka.network.ConnectionQuotas)
[2021-09-13 16:31:56,641] INFO Awaiting socket connections on 0.0.0.0:9092. (kafka.network.Acceptor)
[2021-09-13 16:31:56,677] INFO [SocketServer listenerType=ZK_BROKER, nodeId=0] Created data-plane acceptor and processors for endpoint : ListenerName(PLAINTEXT) (kafka.network.SocketServer)
[2021-09-13 16:31:56,714] INFO [broker-0-to-controller-send-thread]: Starting (kafka.server.BrokerToControllerRequestThread)
[2021-09-13 16:31:56,730] INFO [ExpirationReaper-0-Produce]: Starting (kafka.server.DelayedOperationPurgatory$ExpiredOperationReaper)
[2021-09-13 16:31:56,731] INFO [ExpirationReaper-0-Fetch]: Starting (kafka.server.DelayedOperationPurgatory$ExpiredOperationReaper)
[2021-09-13 16:31:56,732] INFO [ExpirationReaper-0-DeleteRecords]: Starting (kafka.server.DelayedOperationPurgatory$ExpiredOperationReaper)
[2021-09-13 16:31:56,733] INFO [ExpirationReaper-0-ElectLeader]: Starting (kafka.server.DelayedOperationPurgatory$ExpiredOperationReaper)
[2021-09-13 16:31:56,746] INFO [LogDirFailureHandler]: Starting (kafka.server.ReplicaManager$LogDirFailureHandler)
[2021-09-13 16:31:56,784] INFO Creating /brokers/ids/0 (is it secure? false) (kafka.zk.KafkaZkClient)
[2021-09-13 16:31:56,805] INFO Stat of the created znode at /brokers/ids/0 is: 65,65,1631561516799,1631561516799,1,0,0,72064129549664256,214,0,65
 (kafka.zk.KafkaZkClient)
[2021-09-13 16:31:56,806] INFO Registered broker 0 at path /brokers/ids/0 with addresses: PLAINTEXT://DESKTOP-JOUQIAF:9092, czxid (broker epoch): 65 (kafka.zk.KafkaZkClient)
[2021-09-13 16:31:56,867] INFO [ExpirationReaper-0-topic]: Starting (kafka.server.DelayedOperationPurgatory$ExpiredOperationReaper)
[2021-09-13 16:31:56,875] INFO [ExpirationReaper-0-Heartbeat]: Starting (kafka.server.DelayedOperationPurgatory$ExpiredOperationReaper)
[2021-09-13 16:31:56,875] INFO [ExpirationReaper-0-Rebalance]: Starting (kafka.server.DelayedOperationPurgatory$ExpiredOperationReaper)
[2021-09-13 16:31:56,895] INFO [GroupCoordinator 0]: Starting up. (kafka.coordinator.group.GroupCoordinator)
[2021-09-13 16:31:56,899] INFO [GroupCoordinator 0]: Startup complete. (kafka.coordinator.group.GroupCoordinator)
[2021-09-13 16:31:56,930] INFO [ProducerId Manager 0]: Acquired new producerId block (brokerId:0,blockStartProducerId:2000,blockEndProducerId:2999) by writing to Zk with path version 3 (kafka.coordinator.transaction.ProducerIdManager)
[2021-09-13 16:31:56,931] INFO [TransactionCoordinator id=0] Starting up. (kafka.coordinator.transaction.TransactionCoordinator)
[2021-09-13 16:31:56,934] INFO [TransactionCoordinator id=0] Startup complete. (kafka.coordinator.transaction.TransactionCoordinator)
[2021-09-13 16:31:56,935] INFO [Transaction Marker Channel Manager 0]: Starting (kafka.coordinator.transaction.TransactionMarkerChannelManager)
[2021-09-13 16:31:56,972] INFO [ExpirationReaper-0-AlterAcls]: Starting (kafka.server.DelayedOperationPurgatory$ExpiredOperationReaper)
[2021-09-13 16:31:56,995] INFO [/config/changes-event-process-thread]: Starting (kafka.common.ZkNodeChangeNotificationListener$ChangeEventProcessThread)
[2021-09-13 16:31:57,007] INFO [SocketServer listenerType=ZK_BROKER, nodeId=0] Starting socket server acceptors and processors (kafka.network.SocketServer)
[2021-09-13 16:31:57,010] INFO [SocketServer listenerType=ZK_BROKER, nodeId=0] Started data-plane acceptor and processor(s) for endpoint : ListenerName(PLAINTEXT) (kafka.network.SocketServer)
[2021-09-13 16:31:57,011] INFO [SocketServer listenerType=ZK_BROKER, nodeId=0] Started socket server acceptors and processors (kafka.network.SocketServer)
[2021-09-13 16:31:57,017] INFO Kafka version: 2.8.0 (org.apache.kafka.common.utils.AppInfoParser)
[2021-09-13 16:31:57,017] INFO Kafka commitId: ebb1d6e21cc92130 (org.apache.kafka.common.utils.AppInfoParser)
[2021-09-13 16:31:57,018] INFO Kafka startTimeMs: 1631561517011 (org.apache.kafka.common.utils.AppInfoParser)
[2021-09-13 16:31:57,019] INFO [KafkaServer id=0] started (kafka.server.KafkaServer)
[2021-09-13 16:31:57,055] INFO [broker-0-to-controller-send-thread]: Recorded new controller, from now on will use broker DESKTOP-JOUQIAF:9092 (id: 0 rack: null) (kafka.server.BrokerToControllerRequestThread)
[2021-09-13 16:49:11,408] WARN Exception causing close of session 0x10005f1aadb0000: An existing connection was forcibly closed by the remote host (org.apache.zookeeper.server.NIOServerCnxn)
