[2021-09-13 16:31:56,936] INFO [Controller id=0 epoch=2] Sending UpdateMetadata request to brokers Set(0) for 0 partitions (state.change.logger)
[2021-09-14 09:18:39,650] INFO [Controller id=0 epoch=3] Sending UpdateMetadata request to brokers Set(0) for 0 partitions (state.change.logger)
[2021-09-14 09:19:18,737] INFO [Controller id=0 epoch=3] Changed partition teste6-0 state from NonExistentPartition to NewPartition with assigned replicas 0 (state.change.logger)
[2021-09-14 09:19:18,738] INFO [Controller id=0 epoch=3] Sending UpdateMetadata request to brokers Set() for 0 partitions (state.change.logger)
[2021-09-14 09:19:18,741] INFO [Controller id=0 epoch=3] Sending UpdateMetadata request to brokers Set() for 0 partitions (state.change.logger)
[2021-09-14 09:19:18,762] INFO [Controller id=0 epoch=3] Changed partition teste6-0 from NewPartition to OnlinePartition with state LeaderAndIsr(leader=0, leaderEpoch=0, isr=List(0), zkVersion=0) (state.change.logger)
[2021-09-14 09:19:18,763] INFO [Controller id=0 epoch=3] Sending LeaderAndIsr request to broker 0 with 1 become-leader and 0 become-follower partitions (state.change.logger)
[2021-09-14 09:19:18,766] INFO [Controller id=0 epoch=3] Sending UpdateMetadata request to brokers Set(0) for 1 partitions (state.change.logger)
[2021-09-14 09:19:18,767] INFO [Controller id=0 epoch=3] Sending UpdateMetadata request to brokers Set() for 0 partitions (state.change.logger)
[2021-09-14 09:19:18,770] INFO [Broker id=0] Handling LeaderAndIsr request correlationId 1 from controller 0 for 1 partitions (state.change.logger)
[2021-09-14 09:19:18,789] INFO [Broker id=0] Stopped fetchers as part of LeaderAndIsr request correlationId 1 from controller 0 epoch 3 as part of the become-leader transition for 1 partitions (state.change.logger)
[2021-09-14 09:19:18,842] INFO [Broker id=0] Leader teste6-0 starts at leader epoch 0 from offset 0 with high watermark 0 ISR [0] addingReplicas [] removingReplicas []. Previous leader epoch was -1. (state.change.logger)
[2021-09-14 09:19:18,855] INFO [Broker id=0] Finished LeaderAndIsr request in 87ms correlationId 1 from controller 0 for 1 partitions (state.change.logger)
[2021-09-14 09:19:18,862] INFO [Broker id=0] Add 1 partitions and deleted 0 partitions from metadata cache in response to UpdateMetadata request sent by controller 0 epoch 3 with correlation id 2 (state.change.logger)
[2021-09-14 09:21:52,896] INFO [Controller id=0 epoch=3] Sending UpdateMetadata request to brokers Set() for 0 partitions (state.change.logger)
[2021-09-14 09:45:11,992] INFO [Controller id=0 epoch=4] Sending UpdateMetadata request to brokers Set(0) for 0 partitions (state.change.logger)
[2021-09-14 09:45:12,034] INFO [Controller id=0 epoch=4] Sending LeaderAndIsr request to broker 0 with 1 become-leader and 0 become-follower partitions (state.change.logger)
[2021-09-14 09:45:12,036] INFO [Controller id=0 epoch=4] Sending UpdateMetadata request to brokers Set(0) for 1 partitions (state.change.logger)
[2021-09-14 09:45:12,100] INFO [Broker id=0] Handling LeaderAndIsr request correlationId 1 from controller 0 for 1 partitions (state.change.logger)
[2021-09-14 09:45:12,120] INFO [Broker id=0] Stopped fetchers as part of LeaderAndIsr request correlationId 1 from controller 0 epoch 4 as part of the become-leader transition for 1 partitions (state.change.logger)
[2021-09-14 09:45:12,129] INFO [Broker id=0] Leader teste6-0 starts at leader epoch 0 from offset 0 with high watermark 0 ISR [0] addingReplicas [] removingReplicas []. Previous leader epoch was -1. (state.change.logger)
[2021-09-14 09:45:12,147] INFO [Broker id=0] Finished LeaderAndIsr request in 48ms correlationId 1 from controller 0 for 1 partitions (state.change.logger)
[2021-09-14 09:45:12,159] INFO [Broker id=0] Add 1 partitions and deleted 0 partitions from metadata cache in response to UpdateMetadata request sent by controller 0 epoch 4 with correlation id 2 (state.change.logger)
[2021-09-14 09:50:34,193] INFO [Controller id=0 epoch=4] Changed partition teste-0 state from NonExistentPartition to NewPartition with assigned replicas 0 (state.change.logger)
[2021-09-14 09:50:34,194] INFO [Controller id=0 epoch=4] Sending UpdateMetadata request to brokers Set() for 0 partitions (state.change.logger)
[2021-09-14 09:50:34,195] INFO [Controller id=0 epoch=4] Sending UpdateMetadata request to brokers Set() for 0 partitions (state.change.logger)
[2021-09-14 09:50:34,212] INFO [Controller id=0 epoch=4] Changed partition teste-0 from NewPartition to OnlinePartition with state LeaderAndIsr(leader=0, leaderEpoch=0, isr=List(0), zkVersion=0) (state.change.logger)
[2021-09-14 09:50:34,212] INFO [Controller id=0 epoch=4] Sending LeaderAndIsr request to broker 0 with 1 become-leader and 0 become-follower partitions (state.change.logger)
[2021-09-14 09:50:34,212] INFO [Controller id=0 epoch=4] Sending UpdateMetadata request to brokers Set(0) for 1 partitions (state.change.logger)
[2021-09-14 09:50:34,212] INFO [Controller id=0 epoch=4] Sending UpdateMetadata request to brokers Set() for 0 partitions (state.change.logger)
[2021-09-14 09:50:34,213] INFO [Broker id=0] Handling LeaderAndIsr request correlationId 3 from controller 0 for 1 partitions (state.change.logger)
[2021-09-14 09:50:34,215] INFO [Broker id=0] Stopped fetchers as part of LeaderAndIsr request correlationId 3 from controller 0 epoch 4 as part of the become-leader transition for 1 partitions (state.change.logger)
[2021-09-14 09:50:34,221] INFO [Controller id=0 epoch=4] Changed partition __consumer_offsets-22 state from NonExistentPartition to NewPartition with assigned replicas 0 (state.change.logger)
[2021-09-14 09:50:34,222] INFO [Controller id=0 epoch=4] Changed partition __consumer_offsets-30 state from NonExistentPartition to NewPartition with assigned replicas 0 (state.change.logger)
[2021-09-14 09:50:34,222] INFO [Controller id=0 epoch=4] Changed partition __consumer_offsets-8 state from NonExistentPartition to NewPartition with assigned replicas 0 (state.change.logger)
[2021-09-14 09:50:34,222] INFO [Controller id=0 epoch=4] Changed partition __consumer_offsets-21 state from NonExistentPartition to NewPartition with assigned replicas 0 (state.change.logger)
[2021-09-14 09:50:34,222] INFO [Controller id=0 epoch=4] Changed partition __consumer_offsets-4 state from NonExistentPartition to NewPartition with assigned replicas 0 (state.change.logger)
[2021-09-14 09:50:34,222] INFO [Controller id=0 epoch=4] Changed partition __consumer_offsets-27 state from NonExistentPartition to NewPartition with assigned replicas 0 (state.change.logger)
[2021-09-14 09:50:34,222] INFO [Controller id=0 epoch=4] Changed partition __consumer_offsets-7 state from NonExistentPartition to NewPartition with assigned replicas 0 (state.change.logger)
[2021-09-14 09:50:34,222] INFO [Controller id=0 epoch=4] Changed partition __consumer_offsets-9 state from NonExistentPartition to NewPartition with assigned replicas 0 (state.change.logger)
[2021-09-14 09:50:34,222] INFO [Controller id=0 epoch=4] Changed partition __consumer_offsets-46 state from NonExistentPartition to NewPartition with assigned replicas 0 (state.change.logger)
[2021-09-14 09:50:34,222] INFO [Controller id=0 epoch=4] Changed partition __consumer_offsets-25 state from NonExistentPartition to NewPartition with assigned replicas 0 (state.change.logger)
[2021-09-14 09:50:34,222] INFO [Controller id=0 epoch=4] Changed partition __consumer_offsets-35 state from NonExistentPartition to NewPartition with assigned replicas 0 (state.change.logger)
[2021-09-14 09:50:34,222] INFO [Controller id=0 epoch=4] Changed partition __consumer_offsets-41 state from NonExistentPartition to NewPartition with assigned replicas 0 (state.change.logger)
[2021-09-14 09:50:34,222] INFO [Controller id=0 epoch=4] Changed partition __consumer_offsets-33 state from NonExistentPartition to NewPartition with assigned replicas 0 (state.change.logger)
[2021-09-14 09:50:34,222] INFO [Controller id=0 epoch=4] Changed partition __consumer_offsets-23 state from NonExistentPartition to NewPartition with assigned replicas 0 (state.change.logger)
[2021-09-14 09:50:34,222] INFO [Controller id=0 epoch=4] Changed partition __consumer_offsets-49 state from NonExistentPartition to NewPartition with assigned replicas 0 (state.change.logger)
[2021-09-14 09:50:34,222] INFO [Controller id=0 epoch=4] Changed partition __consumer_offsets-47 state from NonExistentPartition to NewPartition with assigned replicas 0 (state.change.logger)
[2021-09-14 09:50:34,222] INFO [Controller id=0 epoch=4] Changed partition __consumer_offsets-16 state from NonExistentPartition to NewPartition with assigned replicas 0 (state.change.logger)
[2021-09-14 09:50:34,222] INFO [Controller id=0 epoch=4] Changed partition __consumer_offsets-28 state from NonExistentPartition to NewPartition with assigned replicas 0 (state.change.logger)
[2021-09-14 09:50:34,222] INFO [Controller id=0 epoch=4] Changed partition __consumer_offsets-31 state from NonExistentPartition to NewPartition with assigned replicas 0 (state.change.logger)
[2021-09-14 09:50:34,222] INFO [Controller id=0 epoch=4] Changed partition __consumer_offsets-36 state from NonExistentPartition to NewPartition with assigned replicas 0 (state.change.logger)
[2021-09-14 09:50:34,222] INFO [Controller id=0 epoch=4] Changed partition __consumer_offsets-42 state from NonExistentPartition to NewPartition with assigned replicas 0 (state.change.logger)
[2021-09-14 09:50:34,222] INFO [Controller id=0 epoch=4] Changed partition __consumer_offsets-3 state from NonExistentPartition to NewPartition with assigned replicas 0 (state.change.logger)
[2021-09-14 09:50:34,222] INFO [Controller id=0 epoch=4] Changed partition __consumer_offsets-18 state from NonExistentPartition to NewPartition with assigned replicas 0 (state.change.logger)
[2021-09-14 09:50:34,222] INFO [Controller id=0 epoch=4] Changed partition __consumer_offsets-37 state from NonExistentPartition to NewPartition with assigned replicas 0 (state.change.logger)
[2021-09-14 09:50:34,222] INFO [Controller id=0 epoch=4] Changed partition __consumer_offsets-15 state from NonExistentPartition to NewPartition with assigned replicas 0 (state.change.logger)
[2021-09-14 09:50:34,223] INFO [Controller id=0 epoch=4] Changed partition __consumer_offsets-24 state from NonExistentPartition to NewPartition with assigned replicas 0 (state.change.logger)
[2021-09-14 09:50:34,223] INFO [Controller id=0 epoch=4] Changed partition __consumer_offsets-38 state from NonExistentPartition to NewPartition with assigned replicas 0 (state.change.logger)
[2021-09-14 09:50:34,223] INFO [Controller id=0 epoch=4] Changed partition __consumer_offsets-17 state from NonExistentPartition to NewPartition with assigned replicas 0 (state.change.logger)
[2021-09-14 09:50:34,223] INFO [Controller id=0 epoch=4] Changed partition __consumer_offsets-48 state from NonExistentPartition to NewPartition with assigned replicas 0 (state.change.logger)
[2021-09-14 09:50:34,223] INFO [Controller id=0 epoch=4] Changed partition __consumer_offsets-19 state from NonExistentPartition to NewPartition with assigned replicas 0 (state.change.logger)
[2021-09-14 09:50:34,223] INFO [Controller id=0 epoch=4] Changed partition __consumer_offsets-11 state from NonExistentPartition to NewPartition with assigned replicas 0 (state.change.logger)
[2021-09-14 09:50:34,223] INFO [Controller id=0 epoch=4] Changed partition __consumer_offsets-13 state from NonExistentPartition to NewPartition with assigned replicas 0 (state.change.logger)
[2021-09-14 09:50:34,223] INFO [Controller id=0 epoch=4] Changed partition __consumer_offsets-2 state from NonExistentPartition to NewPartition with assigned replicas 0 (state.change.logger)
[2021-09-14 09:50:34,223] INFO [Controller id=0 epoch=4] Changed partition __consumer_offsets-43 state from NonExistentPartition to NewPartition with assigned replicas 0 (state.change.logger)
[2021-09-14 09:50:34,223] INFO [Controller id=0 epoch=4] Changed partition __consumer_offsets-6 state from NonExistentPartition to NewPartition with assigned replicas 0 (state.change.logger)
[2021-09-14 09:50:34,223] INFO [Controller id=0 epoch=4] Changed partition __consumer_offsets-14 state from NonExistentPartition to NewPartition with assigned replicas 0 (state.change.logger)
[2021-09-14 09:50:34,223] INFO [Controller id=0 epoch=4] Changed partition __consumer_offsets-20 state from NonExistentPartition to NewPartition with assigned replicas 0 (state.change.logger)
[2021-09-14 09:50:34,223] INFO [Controller id=0 epoch=4] Changed partition __consumer_offsets-0 state from NonExistentPartition to NewPartition with assigned replicas 0 (state.change.logger)
[2021-09-14 09:50:34,223] INFO [Controller id=0 epoch=4] Changed partition __consumer_offsets-44 state from NonExistentPartition to NewPartition with assigned replicas 0 (state.change.logger)
[2021-09-14 09:50:34,223] INFO [Controller id=0 epoch=4] Changed partition __consumer_offsets-39 state from NonExistentPartition to NewPartition with assigned replicas 0 (state.change.logger)
[2021-09-14 09:50:34,223] INFO [Controller id=0 epoch=4] Changed partition __consumer_offsets-12 state from NonExistentPartition to NewPartition with assigned replicas 0 (state.change.logger)
[2021-09-14 09:50:34,223] INFO [Controller id=0 epoch=4] Changed partition __consumer_offsets-45 state from NonExistentPartition to NewPartition with assigned replicas 0 (state.change.logger)
[2021-09-14 09:50:34,223] INFO [Controller id=0 epoch=4] Changed partition __consumer_offsets-1 state from NonExistentPartition to NewPartition with assigned replicas 0 (state.change.logger)
[2021-09-14 09:50:34,223] INFO [Controller id=0 epoch=4] Changed partition __consumer_offsets-5 state from NonExistentPartition to NewPartition with assigned replicas 0 (state.change.logger)
[2021-09-14 09:50:34,223] INFO [Controller id=0 epoch=4] Changed partition __consumer_offsets-26 state from NonExistentPartition to NewPartition with assigned replicas 0 (state.change.logger)
[2021-09-14 09:50:34,223] INFO [Controller id=0 epoch=4] Changed partition __consumer_offsets-29 state from NonExistentPartition to NewPartition with assigned replicas 0 (state.change.logger)
[2021-09-14 09:50:34,223] INFO [Controller id=0 epoch=4] Changed partition __consumer_offsets-34 state from NonExistentPartition to NewPartition with assigned replicas 0 (state.change.logger)
[2021-09-14 09:50:34,223] INFO [Controller id=0 epoch=4] Changed partition __consumer_offsets-10 state from NonExistentPartition to NewPartition with assigned replicas 0 (state.change.logger)
[2021-09-14 09:50:34,223] INFO [Controller id=0 epoch=4] Changed partition __consumer_offsets-32 state from NonExistentPartition to NewPartition with assigned replicas 0 (state.change.logger)
[2021-09-14 09:50:34,223] INFO [Controller id=0 epoch=4] Changed partition __consumer_offsets-40 state from NonExistentPartition to NewPartition with assigned replicas 0 (state.change.logger)
[2021-09-14 09:50:34,223] INFO [Controller id=0 epoch=4] Sending UpdateMetadata request to brokers Set() for 0 partitions (state.change.logger)
[2021-09-14 09:50:34,226] INFO [Controller id=0 epoch=4] Sending UpdateMetadata request to brokers Set() for 0 partitions (state.change.logger)
[2021-09-14 09:50:34,231] INFO [Broker id=0] Leader teste-0 starts at leader epoch 0 from offset 0 with high watermark 0 ISR [0] addingReplicas [] removingReplicas []. Previous leader epoch was -1. (state.change.logger)
[2021-09-14 09:50:34,236] INFO [Broker id=0] Finished LeaderAndIsr request in 23ms correlationId 3 from controller 0 for 1 partitions (state.change.logger)
[2021-09-14 09:50:34,238] INFO [Broker id=0] Add 1 partitions and deleted 0 partitions from metadata cache in response to UpdateMetadata request sent by controller 0 epoch 4 with correlation id 4 (state.change.logger)
[2021-09-14 09:50:34,290] INFO [Controller id=0 epoch=4] Changed partition __consumer_offsets-22 from NewPartition to OnlinePartition with state LeaderAndIsr(leader=0, leaderEpoch=0, isr=List(0), zkVersion=0) (state.change.logger)
[2021-09-14 09:50:34,290] INFO [Controller id=0 epoch=4] Changed partition __consumer_offsets-30 from NewPartition to OnlinePartition with state LeaderAndIsr(leader=0, leaderEpoch=0, isr=List(0), zkVersion=0) (state.change.logger)
[2021-09-14 09:50:34,290] INFO [Controller id=0 epoch=4] Changed partition __consumer_offsets-8 from NewPartition to OnlinePartition with state LeaderAndIsr(leader=0, leaderEpoch=0, isr=List(0), zkVersion=0) (state.change.logger)
[2021-09-14 09:50:34,290] INFO [Controller id=0 epoch=4] Changed partition __consumer_offsets-21 from NewPartition to OnlinePartition with state LeaderAndIsr(leader=0, leaderEpoch=0, isr=List(0), zkVersion=0) (state.change.logger)
[2021-09-14 09:50:34,290] INFO [Controller id=0 epoch=4] Changed partition __consumer_offsets-4 from NewPartition to OnlinePartition with state LeaderAndIsr(leader=0, leaderEpoch=0, isr=List(0), zkVersion=0) (state.change.logger)
[2021-09-14 09:50:34,290] INFO [Controller id=0 epoch=4] Changed partition __consumer_offsets-27 from NewPartition to OnlinePartition with state LeaderAndIsr(leader=0, leaderEpoch=0, isr=List(0), zkVersion=0) (state.change.logger)
[2021-09-14 09:50:34,290] INFO [Controller id=0 epoch=4] Changed partition __consumer_offsets-7 from NewPartition to OnlinePartition with state LeaderAndIsr(leader=0, leaderEpoch=0, isr=List(0), zkVersion=0) (state.change.logger)
[2021-09-14 09:50:34,291] INFO [Controller id=0 epoch=4] Changed partition __consumer_offsets-9 from NewPartition to OnlinePartition with state LeaderAndIsr(leader=0, leaderEpoch=0, isr=List(0), zkVersion=0) (state.change.logger)
[2021-09-14 09:50:34,291] INFO [Controller id=0 epoch=4] Changed partition __consumer_offsets-46 from NewPartition to OnlinePartition with state LeaderAndIsr(leader=0, leaderEpoch=0, isr=List(0), zkVersion=0) (state.change.logger)
[2021-09-14 09:50:34,291] INFO [Controller id=0 epoch=4] Changed partition __consumer_offsets-25 from NewPartition to OnlinePartition with state LeaderAndIsr(leader=0, leaderEpoch=0, isr=List(0), zkVersion=0) (state.change.logger)
[2021-09-14 09:50:34,291] INFO [Controller id=0 epoch=4] Changed partition __consumer_offsets-35 from NewPartition to OnlinePartition with state LeaderAndIsr(leader=0, leaderEpoch=0, isr=List(0), zkVersion=0) (state.change.logger)
[2021-09-14 09:50:34,291] INFO [Controller id=0 epoch=4] Changed partition __consumer_offsets-41 from NewPartition to OnlinePartition with state LeaderAndIsr(leader=0, leaderEpoch=0, isr=List(0), zkVersion=0) (state.change.logger)
[2021-09-14 09:50:34,291] INFO [Controller id=0 epoch=4] Changed partition __consumer_offsets-33 from NewPartition to OnlinePartition with state LeaderAndIsr(leader=0, leaderEpoch=0, isr=List(0), zkVersion=0) (state.change.logger)
[2021-09-14 09:50:34,291] INFO [Controller id=0 epoch=4] Changed partition __consumer_offsets-23 from NewPartition to OnlinePartition with state LeaderAndIsr(leader=0, leaderEpoch=0, isr=List(0), zkVersion=0) (state.change.logger)
[2021-09-14 09:50:34,291] INFO [Controller id=0 epoch=4] Changed partition __consumer_offsets-49 from NewPartition to OnlinePartition with state LeaderAndIsr(leader=0, leaderEpoch=0, isr=List(0), zkVersion=0) (state.change.logger)
[2021-09-14 09:50:34,291] INFO [Controller id=0 epoch=4] Changed partition __consumer_offsets-47 from NewPartition to OnlinePartition with state LeaderAndIsr(leader=0, leaderEpoch=0, isr=List(0), zkVersion=0) (state.change.logger)
[2021-09-14 09:50:34,291] INFO [Controller id=0 epoch=4] Changed partition __consumer_offsets-16 from NewPartition to OnlinePartition with state LeaderAndIsr(leader=0, leaderEpoch=0, isr=List(0), zkVersion=0) (state.change.logger)
[2021-09-14 09:50:34,291] INFO [Controller id=0 epoch=4] Changed partition __consumer_offsets-28 from NewPartition to OnlinePartition with state LeaderAndIsr(leader=0, leaderEpoch=0, isr=List(0), zkVersion=0) (state.change.logger)
[2021-09-14 09:50:34,291] INFO [Controller id=0 epoch=4] Changed partition __consumer_offsets-31 from NewPartition to OnlinePartition with state LeaderAndIsr(leader=0, leaderEpoch=0, isr=List(0), zkVersion=0) (state.change.logger)
[2021-09-14 09:50:34,291] INFO [Controller id=0 epoch=4] Changed partition __consumer_offsets-36 from NewPartition to OnlinePartition with state LeaderAndIsr(leader=0, leaderEpoch=0, isr=List(0), zkVersion=0) (state.change.logger)
[2021-09-14 09:50:34,291] INFO [Controller id=0 epoch=4] Changed partition __consumer_offsets-42 from NewPartition to OnlinePartition with state LeaderAndIsr(leader=0, leaderEpoch=0, isr=List(0), zkVersion=0) (state.change.logger)
[2021-09-14 09:50:34,291] INFO [Controller id=0 epoch=4] Changed partition __consumer_offsets-3 from NewPartition to OnlinePartition with state LeaderAndIsr(leader=0, leaderEpoch=0, isr=List(0), zkVersion=0) (state.change.logger)
[2021-09-14 09:50:34,291] INFO [Controller id=0 epoch=4] Changed partition __consumer_offsets-18 from NewPartition to OnlinePartition with state LeaderAndIsr(leader=0, leaderEpoch=0, isr=List(0), zkVersion=0) (state.change.logger)
[2021-09-14 09:50:34,291] INFO [Controller id=0 epoch=4] Changed partition __consumer_offsets-37 from NewPartition to OnlinePartition with state LeaderAndIsr(leader=0, leaderEpoch=0, isr=List(0), zkVersion=0) (state.change.logger)
[2021-09-14 09:50:34,291] INFO [Controller id=0 epoch=4] Changed partition __consumer_offsets-15 from NewPartition to OnlinePartition with state LeaderAndIsr(leader=0, leaderEpoch=0, isr=List(0), zkVersion=0) (state.change.logger)
[2021-09-14 09:50:34,291] INFO [Controller id=0 epoch=4] Changed partition __consumer_offsets-24 from NewPartition to OnlinePartition with state LeaderAndIsr(leader=0, leaderEpoch=0, isr=List(0), zkVersion=0) (state.change.logger)
[2021-09-14 09:50:34,291] INFO [Controller id=0 epoch=4] Changed partition __consumer_offsets-38 from NewPartition to OnlinePartition with state LeaderAndIsr(leader=0, leaderEpoch=0, isr=List(0), zkVersion=0) (state.change.logger)
[2021-09-14 09:50:34,291] INFO [Controller id=0 epoch=4] Changed partition __consumer_offsets-17 from NewPartition to OnlinePartition with state LeaderAndIsr(leader=0, leaderEpoch=0, isr=List(0), zkVersion=0) (state.change.logger)
[2021-09-14 09:50:34,291] INFO [Controller id=0 epoch=4] Changed partition __consumer_offsets-48 from NewPartition to OnlinePartition with state LeaderAndIsr(leader=0, leaderEpoch=0, isr=List(0), zkVersion=0) (state.change.logger)
[2021-09-14 09:50:34,291] INFO [Controller id=0 epoch=4] Changed partition __consumer_offsets-19 from NewPartition to OnlinePartition with state LeaderAndIsr(leader=0, leaderEpoch=0, isr=List(0), zkVersion=0) (state.change.logger)
[2021-09-14 09:50:34,291] INFO [Controller id=0 epoch=4] Changed partition __consumer_offsets-11 from NewPartition to OnlinePartition with state LeaderAndIsr(leader=0, leaderEpoch=0, isr=List(0), zkVersion=0) (state.change.logger)
[2021-09-14 09:50:34,291] INFO [Controller id=0 epoch=4] Changed partition __consumer_offsets-13 from NewPartition to OnlinePartition with state LeaderAndIsr(leader=0, leaderEpoch=0, isr=List(0), zkVersion=0) (state.change.logger)
[2021-09-14 09:50:34,291] INFO [Controller id=0 epoch=4] Changed partition __consumer_offsets-2 from NewPartition to OnlinePartition with state LeaderAndIsr(leader=0, leaderEpoch=0, isr=List(0), zkVersion=0) (state.change.logger)
[2021-09-14 09:50:34,291] INFO [Controller id=0 epoch=4] Changed partition __consumer_offsets-43 from NewPartition to OnlinePartition with state LeaderAndIsr(leader=0, leaderEpoch=0, isr=List(0), zkVersion=0) (state.change.logger)
[2021-09-14 09:50:34,291] INFO [Controller id=0 epoch=4] Changed partition __consumer_offsets-6 from NewPartition to OnlinePartition with state LeaderAndIsr(leader=0, leaderEpoch=0, isr=List(0), zkVersion=0) (state.change.logger)
[2021-09-14 09:50:34,291] INFO [Controller id=0 epoch=4] Changed partition __consumer_offsets-14 from NewPartition to OnlinePartition with state LeaderAndIsr(leader=0, leaderEpoch=0, isr=List(0), zkVersion=0) (state.change.logger)
[2021-09-14 09:50:34,291] INFO [Controller id=0 epoch=4] Changed partition __consumer_offsets-20 from NewPartition to OnlinePartition with state LeaderAndIsr(leader=0, leaderEpoch=0, isr=List(0), zkVersion=0) (state.change.logger)
[2021-09-14 09:50:34,291] INFO [Controller id=0 epoch=4] Changed partition __consumer_offsets-0 from NewPartition to OnlinePartition with state LeaderAndIsr(leader=0, leaderEpoch=0, isr=List(0), zkVersion=0) (state.change.logger)
[2021-09-14 09:50:34,291] INFO [Controller id=0 epoch=4] Changed partition __consumer_offsets-44 from NewPartition to OnlinePartition with state LeaderAndIsr(leader=0, leaderEpoch=0, isr=List(0), zkVersion=0) (state.change.logger)
[2021-09-14 09:50:34,291] INFO [Controller id=0 epoch=4] Changed partition __consumer_offsets-39 from NewPartition to OnlinePartition with state LeaderAndIsr(leader=0, leaderEpoch=0, isr=List(0), zkVersion=0) (state.change.logger)
[2021-09-14 09:50:34,291] INFO [Controller id=0 epoch=4] Changed partition __consumer_offsets-12 from NewPartition to OnlinePartition with state LeaderAndIsr(leader=0, leaderEpoch=0, isr=List(0), zkVersion=0) (state.change.logger)
[2021-09-14 09:50:34,292] INFO [Controller id=0 epoch=4] Changed partition __consumer_offsets-45 from NewPartition to OnlinePartition with state LeaderAndIsr(leader=0, leaderEpoch=0, isr=List(0), zkVersion=0) (state.change.logger)
[2021-09-14 09:50:34,292] INFO [Controller id=0 epoch=4] Changed partition __consumer_offsets-1 from NewPartition to OnlinePartition with state LeaderAndIsr(leader=0, leaderEpoch=0, isr=List(0), zkVersion=0) (state.change.logger)
[2021-09-14 09:50:34,292] INFO [Controller id=0 epoch=4] Changed partition __consumer_offsets-5 from NewPartition to OnlinePartition with state LeaderAndIsr(leader=0, leaderEpoch=0, isr=List(0), zkVersion=0) (state.change.logger)
[2021-09-14 09:50:34,292] INFO [Controller id=0 epoch=4] Changed partition __consumer_offsets-26 from NewPartition to OnlinePartition with state LeaderAndIsr(leader=0, leaderEpoch=0, isr=List(0), zkVersion=0) (state.change.logger)
[2021-09-14 09:50:34,292] INFO [Controller id=0 epoch=4] Changed partition __consumer_offsets-29 from NewPartition to OnlinePartition with state LeaderAndIsr(leader=0, leaderEpoch=0, isr=List(0), zkVersion=0) (state.change.logger)
[2021-09-14 09:50:34,292] INFO [Controller id=0 epoch=4] Changed partition __consumer_offsets-34 from NewPartition to OnlinePartition with state LeaderAndIsr(leader=0, leaderEpoch=0, isr=List(0), zkVersion=0) (state.change.logger)
[2021-09-14 09:50:34,292] INFO [Controller id=0 epoch=4] Changed partition __consumer_offsets-10 from NewPartition to OnlinePartition with state LeaderAndIsr(leader=0, leaderEpoch=0, isr=List(0), zkVersion=0) (state.change.logger)
[2021-09-14 09:50:34,292] INFO [Controller id=0 epoch=4] Changed partition __consumer_offsets-32 from NewPartition to OnlinePartition with state LeaderAndIsr(leader=0, leaderEpoch=0, isr=List(0), zkVersion=0) (state.change.logger)
[2021-09-14 09:50:34,292] INFO [Controller id=0 epoch=4] Changed partition __consumer_offsets-40 from NewPartition to OnlinePartition with state LeaderAndIsr(leader=0, leaderEpoch=0, isr=List(0), zkVersion=0) (state.change.logger)
[2021-09-14 09:50:34,292] INFO [Controller id=0 epoch=4] Sending LeaderAndIsr request to broker 0 with 50 become-leader and 0 become-follower partitions (state.change.logger)
[2021-09-14 09:50:34,293] INFO [Controller id=0 epoch=4] Sending UpdateMetadata request to brokers Set(0) for 50 partitions (state.change.logger)
[2021-09-14 09:50:34,295] INFO [Broker id=0] Handling LeaderAndIsr request correlationId 5 from controller 0 for 50 partitions (state.change.logger)
[2021-09-14 09:50:34,295] INFO [Controller id=0 epoch=4] Sending UpdateMetadata request to brokers Set() for 0 partitions (state.change.logger)
[2021-09-14 09:50:34,314] INFO [Broker id=0] Stopped fetchers as part of LeaderAndIsr request correlationId 5 from controller 0 epoch 4 as part of the become-leader transition for 50 partitions (state.change.logger)
[2021-09-14 09:50:34,323] INFO [Broker id=0] Leader __consumer_offsets-0 starts at leader epoch 0 from offset 0 with high watermark 0 ISR [0] addingReplicas [] removingReplicas []. Previous leader epoch was -1. (state.change.logger)
[2021-09-14 09:50:34,333] INFO [Broker id=0] Leader __consumer_offsets-29 starts at leader epoch 0 from offset 0 with high watermark 0 ISR [0] addingReplicas [] removingReplicas []. Previous leader epoch was -1. (state.change.logger)
[2021-09-14 09:50:34,343] INFO [Broker id=0] Leader __consumer_offsets-48 starts at leader epoch 0 from offset 0 with high watermark 0 ISR [0] addingReplicas [] removingReplicas []. Previous leader epoch was -1. (state.change.logger)
[2021-09-14 09:50:34,354] INFO [Broker id=0] Leader __consumer_offsets-10 starts at leader epoch 0 from offset 0 with high watermark 0 ISR [0] addingReplicas [] removingReplicas []. Previous leader epoch was -1. (state.change.logger)
[2021-09-14 09:50:34,364] INFO [Broker id=0] Leader __consumer_offsets-45 starts at leader epoch 0 from offset 0 with high watermark 0 ISR [0] addingReplicas [] removingReplicas []. Previous leader epoch was -1. (state.change.logger)
[2021-09-14 09:50:34,374] INFO [Broker id=0] Leader __consumer_offsets-26 starts at leader epoch 0 from offset 0 with high watermark 0 ISR [0] addingReplicas [] removingReplicas []. Previous leader epoch was -1. (state.change.logger)
[2021-09-14 09:50:34,383] INFO [Broker id=0] Leader __consumer_offsets-7 starts at leader epoch 0 from offset 0 with high watermark 0 ISR [0] addingReplicas [] removingReplicas []. Previous leader epoch was -1. (state.change.logger)
[2021-09-14 09:50:34,392] INFO [Broker id=0] Leader __consumer_offsets-42 starts at leader epoch 0 from offset 0 with high watermark 0 ISR [0] addingReplicas [] removingReplicas []. Previous leader epoch was -1. (state.change.logger)
[2021-09-14 09:50:34,403] INFO [Broker id=0] Leader __consumer_offsets-4 starts at leader epoch 0 from offset 0 with high watermark 0 ISR [0] addingReplicas [] removingReplicas []. Previous leader epoch was -1. (state.change.logger)
[2021-09-14 09:50:34,411] INFO [Broker id=0] Leader __consumer_offsets-23 starts at leader epoch 0 from offset 0 with high watermark 0 ISR [0] addingReplicas [] removingReplicas []. Previous leader epoch was -1. (state.change.logger)
[2021-09-14 09:50:34,421] INFO [Broker id=0] Leader __consumer_offsets-1 starts at leader epoch 0 from offset 0 with high watermark 0 ISR [0] addingReplicas [] removingReplicas []. Previous leader epoch was -1. (state.change.logger)
[2021-09-14 09:50:34,430] INFO [Broker id=0] Leader __consumer_offsets-20 starts at leader epoch 0 from offset 0 with high watermark 0 ISR [0] addingReplicas [] removingReplicas []. Previous leader epoch was -1. (state.change.logger)
[2021-09-14 09:50:34,439] INFO [Broker id=0] Leader __consumer_offsets-39 starts at leader epoch 0 from offset 0 with high watermark 0 ISR [0] addingReplicas [] removingReplicas []. Previous leader epoch was -1. (state.change.logger)
[2021-09-14 09:50:34,448] INFO [Broker id=0] Leader __consumer_offsets-17 starts at leader epoch 0 from offset 0 with high watermark 0 ISR [0] addingReplicas [] removingReplicas []. Previous leader epoch was -1. (state.change.logger)
[2021-09-14 09:50:34,457] INFO [Broker id=0] Leader __consumer_offsets-36 starts at leader epoch 0 from offset 0 with high watermark 0 ISR [0] addingReplicas [] removingReplicas []. Previous leader epoch was -1. (state.change.logger)
[2021-09-14 09:50:34,467] INFO [Broker id=0] Leader __consumer_offsets-14 starts at leader epoch 0 from offset 0 with high watermark 0 ISR [0] addingReplicas [] removingReplicas []. Previous leader epoch was -1. (state.change.logger)
[2021-09-14 09:50:34,475] INFO [Broker id=0] Leader __consumer_offsets-33 starts at leader epoch 0 from offset 0 with high watermark 0 ISR [0] addingReplicas [] removingReplicas []. Previous leader epoch was -1. (state.change.logger)
[2021-09-14 09:50:34,483] INFO [Broker id=0] Leader __consumer_offsets-49 starts at leader epoch 0 from offset 0 with high watermark 0 ISR [0] addingReplicas [] removingReplicas []. Previous leader epoch was -1. (state.change.logger)
[2021-09-14 09:50:34,493] INFO [Broker id=0] Leader __consumer_offsets-11 starts at leader epoch 0 from offset 0 with high watermark 0 ISR [0] addingReplicas [] removingReplicas []. Previous leader epoch was -1. (state.change.logger)
[2021-09-14 09:50:34,503] INFO [Broker id=0] Leader __consumer_offsets-30 starts at leader epoch 0 from offset 0 with high watermark 0 ISR [0] addingReplicas [] removingReplicas []. Previous leader epoch was -1. (state.change.logger)
[2021-09-14 09:50:34,512] INFO [Broker id=0] Leader __consumer_offsets-46 starts at leader epoch 0 from offset 0 with high watermark 0 ISR [0] addingReplicas [] removingReplicas []. Previous leader epoch was -1. (state.change.logger)
[2021-09-14 09:50:34,524] INFO [Broker id=0] Leader __consumer_offsets-27 starts at leader epoch 0 from offset 0 with high watermark 0 ISR [0] addingReplicas [] removingReplicas []. Previous leader epoch was -1. (state.change.logger)
[2021-09-14 09:50:34,533] INFO [Broker id=0] Leader __consumer_offsets-8 starts at leader epoch 0 from offset 0 with high watermark 0 ISR [0] addingReplicas [] removingReplicas []. Previous leader epoch was -1. (state.change.logger)
[2021-09-14 09:50:34,543] INFO [Broker id=0] Leader __consumer_offsets-24 starts at leader epoch 0 from offset 0 with high watermark 0 ISR [0] addingReplicas [] removingReplicas []. Previous leader epoch was -1. (state.change.logger)
[2021-09-14 09:50:34,553] INFO [Broker id=0] Leader __consumer_offsets-43 starts at leader epoch 0 from offset 0 with high watermark 0 ISR [0] addingReplicas [] removingReplicas []. Previous leader epoch was -1. (state.change.logger)
[2021-09-14 09:50:34,561] INFO [Broker id=0] Leader __consumer_offsets-5 starts at leader epoch 0 from offset 0 with high watermark 0 ISR [0] addingReplicas [] removingReplicas []. Previous leader epoch was -1. (state.change.logger)
[2021-09-14 09:50:34,570] INFO [Broker id=0] Leader __consumer_offsets-21 starts at leader epoch 0 from offset 0 with high watermark 0 ISR [0] addingReplicas [] removingReplicas []. Previous leader epoch was -1. (state.change.logger)
[2021-09-14 09:50:34,577] INFO [Broker id=0] Leader __consumer_offsets-40 starts at leader epoch 0 from offset 0 with high watermark 0 ISR [0] addingReplicas [] removingReplicas []. Previous leader epoch was -1. (state.change.logger)
[2021-09-14 09:50:34,586] INFO [Broker id=0] Leader __consumer_offsets-2 starts at leader epoch 0 from offset 0 with high watermark 0 ISR [0] addingReplicas [] removingReplicas []. Previous leader epoch was -1. (state.change.logger)
[2021-09-14 09:50:34,596] INFO [Broker id=0] Leader __consumer_offsets-37 starts at leader epoch 0 from offset 0 with high watermark 0 ISR [0] addingReplicas [] removingReplicas []. Previous leader epoch was -1. (state.change.logger)
[2021-09-14 09:50:34,605] INFO [Broker id=0] Leader __consumer_offsets-18 starts at leader epoch 0 from offset 0 with high watermark 0 ISR [0] addingReplicas [] removingReplicas []. Previous leader epoch was -1. (state.change.logger)
[2021-09-14 09:50:34,613] INFO [Broker id=0] Leader __consumer_offsets-34 starts at leader epoch 0 from offset 0 with high watermark 0 ISR [0] addingReplicas [] removingReplicas []. Previous leader epoch was -1. (state.change.logger)
[2021-09-14 09:50:34,622] INFO [Broker id=0] Leader __consumer_offsets-15 starts at leader epoch 0 from offset 0 with high watermark 0 ISR [0] addingReplicas [] removingReplicas []. Previous leader epoch was -1. (state.change.logger)
[2021-09-14 09:50:34,631] INFO [Broker id=0] Leader __consumer_offsets-12 starts at leader epoch 0 from offset 0 with high watermark 0 ISR [0] addingReplicas [] removingReplicas []. Previous leader epoch was -1. (state.change.logger)
[2021-09-14 09:50:34,640] INFO [Broker id=0] Leader __consumer_offsets-31 starts at leader epoch 0 from offset 0 with high watermark 0 ISR [0] addingReplicas [] removingReplicas []. Previous leader epoch was -1. (state.change.logger)
[2021-09-14 09:50:34,648] INFO [Broker id=0] Leader __consumer_offsets-9 starts at leader epoch 0 from offset 0 with high watermark 0 ISR [0] addingReplicas [] removingReplicas []. Previous leader epoch was -1. (state.change.logger)
[2021-09-14 09:50:34,656] INFO [Broker id=0] Leader __consumer_offsets-47 starts at leader epoch 0 from offset 0 with high watermark 0 ISR [0] addingReplicas [] removingReplicas []. Previous leader epoch was -1. (state.change.logger)
[2021-09-14 09:50:34,664] INFO [Broker id=0] Leader __consumer_offsets-19 starts at leader epoch 0 from offset 0 with high watermark 0 ISR [0] addingReplicas [] removingReplicas []. Previous leader epoch was -1. (state.change.logger)
[2021-09-14 09:50:34,673] INFO [Broker id=0] Leader __consumer_offsets-28 starts at leader epoch 0 from offset 0 with high watermark 0 ISR [0] addingReplicas [] removingReplicas []. Previous leader epoch was -1. (state.change.logger)
[2021-09-14 09:50:34,682] INFO [Broker id=0] Leader __consumer_offsets-38 starts at leader epoch 0 from offset 0 with high watermark 0 ISR [0] addingReplicas [] removingReplicas []. Previous leader epoch was -1. (state.change.logger)
[2021-09-14 09:50:34,692] INFO [Broker id=0] Leader __consumer_offsets-35 starts at leader epoch 0 from offset 0 with high watermark 0 ISR [0] addingReplicas [] removingReplicas []. Previous leader epoch was -1. (state.change.logger)
[2021-09-14 09:50:34,700] INFO [Broker id=0] Leader __consumer_offsets-6 starts at leader epoch 0 from offset 0 with high watermark 0 ISR [0] addingReplicas [] removingReplicas []. Previous leader epoch was -1. (state.change.logger)
[2021-09-14 09:50:34,712] INFO [Broker id=0] Leader __consumer_offsets-44 starts at leader epoch 0 from offset 0 with high watermark 0 ISR [0] addingReplicas [] removingReplicas []. Previous leader epoch was -1. (state.change.logger)
[2021-09-14 09:50:34,721] INFO [Broker id=0] Leader __consumer_offsets-25 starts at leader epoch 0 from offset 0 with high watermark 0 ISR [0] addingReplicas [] removingReplicas []. Previous leader epoch was -1. (state.change.logger)
[2021-09-14 09:50:34,730] INFO [Broker id=0] Leader __consumer_offsets-16 starts at leader epoch 0 from offset 0 with high watermark 0 ISR [0] addingReplicas [] removingReplicas []. Previous leader epoch was -1. (state.change.logger)
[2021-09-14 09:50:34,739] INFO [Broker id=0] Leader __consumer_offsets-22 starts at leader epoch 0 from offset 0 with high watermark 0 ISR [0] addingReplicas [] removingReplicas []. Previous leader epoch was -1. (state.change.logger)
[2021-09-14 09:50:34,750] INFO [Broker id=0] Leader __consumer_offsets-41 starts at leader epoch 0 from offset 0 with high watermark 0 ISR [0] addingReplicas [] removingReplicas []. Previous leader epoch was -1. (state.change.logger)
[2021-09-14 09:50:34,760] INFO [Broker id=0] Leader __consumer_offsets-32 starts at leader epoch 0 from offset 0 with high watermark 0 ISR [0] addingReplicas [] removingReplicas []. Previous leader epoch was -1. (state.change.logger)
[2021-09-14 09:50:34,769] INFO [Broker id=0] Leader __consumer_offsets-3 starts at leader epoch 0 from offset 0 with high watermark 0 ISR [0] addingReplicas [] removingReplicas []. Previous leader epoch was -1. (state.change.logger)
[2021-09-14 09:50:34,780] INFO [Broker id=0] Leader __consumer_offsets-13 starts at leader epoch 0 from offset 0 with high watermark 0 ISR [0] addingReplicas [] removingReplicas []. Previous leader epoch was -1. (state.change.logger)
[2021-09-14 09:50:34,799] INFO [Broker id=0] Finished LeaderAndIsr request in 505ms correlationId 5 from controller 0 for 50 partitions (state.change.logger)
[2021-09-14 09:50:34,801] INFO [Broker id=0] Add 50 partitions and deleted 0 partitions from metadata cache in response to UpdateMetadata request sent by controller 0 epoch 4 with correlation id 6 (state.change.logger)
[2021-09-14 10:42:42,003] INFO [Controller id=0 epoch=5] Sending UpdateMetadata request to brokers Set(0) for 0 partitions (state.change.logger)
[2021-09-14 10:42:42,009] INFO [Controller id=0 epoch=5] Sending LeaderAndIsr request to broker 0 with 52 become-leader and 0 become-follower partitions (state.change.logger)
[2021-09-14 10:42:42,009] INFO [Controller id=0 epoch=5] Sending UpdateMetadata request to brokers Set(0) for 52 partitions (state.change.logger)
[2021-09-14 10:42:42,010] INFO [Broker id=0] Handling LeaderAndIsr request correlationId 1 from controller 0 for 52 partitions (state.change.logger)
[2021-09-14 10:42:42,019] INFO [Broker id=0] Ignoring LeaderAndIsr request from controller 0 with correlation id 1 epoch 5 for partition teste-0 since its associated leader epoch 0 matches the current leader epoch (state.change.logger)
[2021-09-14 10:42:42,022] INFO [Broker id=0] Ignoring LeaderAndIsr request from controller 0 with correlation id 1 epoch 5 for partition teste6-0 since its associated leader epoch 0 matches the current leader epoch (state.change.logger)
[2021-09-14 10:42:42,025] INFO [Broker id=0] Ignoring LeaderAndIsr request from controller 0 with correlation id 1 epoch 5 for partition __consumer_offsets-49 since its associated leader epoch 0 matches the current leader epoch (state.change.logger)
[2021-09-14 10:42:42,029] INFO [Broker id=0] Ignoring LeaderAndIsr request from controller 0 with correlation id 1 epoch 5 for partition __consumer_offsets-38 since its associated leader epoch 0 matches the current leader epoch (state.change.logger)
[2021-09-14 10:42:42,033] INFO [Broker id=0] Ignoring LeaderAndIsr request from controller 0 with correlation id 1 epoch 5 for partition __consumer_offsets-27 since its associated leader epoch 0 matches the current leader epoch (state.change.logger)
[2021-09-14 10:42:42,038] INFO [Broker id=0] Ignoring LeaderAndIsr request from controller 0 with correlation id 1 epoch 5 for partition __consumer_offsets-16 since its associated leader epoch 0 matches the current leader epoch (state.change.logger)
[2021-09-14 10:42:42,046] INFO [Broker id=0] Ignoring LeaderAndIsr request from controller 0 with correlation id 1 epoch 5 for partition __consumer_offsets-19 since its associated leader epoch 0 matches the current leader epoch (state.change.logger)
[2021-09-14 10:42:42,051] INFO [Broker id=0] Ignoring LeaderAndIsr request from controller 0 with correlation id 1 epoch 5 for partition __consumer_offsets-8 since its associated leader epoch 0 matches the current leader epoch (state.change.logger)
[2021-09-14 10:42:42,055] INFO [Broker id=0] Ignoring LeaderAndIsr request from controller 0 with correlation id 1 epoch 5 for partition __consumer_offsets-13 since its associated leader epoch 0 matches the current leader epoch (state.change.logger)
[2021-09-14 10:42:42,059] INFO [Broker id=0] Ignoring LeaderAndIsr request from controller 0 with correlation id 1 epoch 5 for partition __consumer_offsets-2 since its associated leader epoch 0 matches the current leader epoch (state.change.logger)
[2021-09-14 10:42:42,062] INFO [Broker id=0] Ignoring LeaderAndIsr request from controller 0 with correlation id 1 epoch 5 for partition __consumer_offsets-46 since its associated leader epoch 0 matches the current leader epoch (state.change.logger)
[2021-09-14 10:42:42,065] INFO [Broker id=0] Ignoring LeaderAndIsr request from controller 0 with correlation id 1 epoch 5 for partition __consumer_offsets-35 since its associated leader epoch 0 matches the current leader epoch (state.change.logger)
[2021-09-14 10:42:42,070] INFO [Broker id=0] Ignoring LeaderAndIsr request from controller 0 with correlation id 1 epoch 5 for partition __consumer_offsets-24 since its associated leader epoch 0 matches the current leader epoch (state.change.logger)
[2021-09-14 10:42:42,074] INFO [Broker id=0] Ignoring LeaderAndIsr request from controller 0 with correlation id 1 epoch 5 for partition __consumer_offsets-5 since its associated leader epoch 0 matches the current leader epoch (state.change.logger)
[2021-09-14 10:42:42,077] INFO [Broker id=0] Ignoring LeaderAndIsr request from controller 0 with correlation id 1 epoch 5 for partition __consumer_offsets-43 since its associated leader epoch 0 matches the current leader epoch (state.change.logger)
[2021-09-14 10:42:42,084] INFO [Broker id=0] Ignoring LeaderAndIsr request from controller 0 with correlation id 1 epoch 5 for partition __consumer_offsets-32 since its associated leader epoch 0 matches the current leader epoch (state.change.logger)
[2021-09-14 10:42:42,092] INFO [Broker id=0] Ignoring LeaderAndIsr request from controller 0 with correlation id 1 epoch 5 for partition __consumer_offsets-21 since its associated leader epoch 0 matches the current leader epoch (state.change.logger)
[2021-09-14 10:42:42,117] INFO [Broker id=0] Ignoring LeaderAndIsr request from controller 0 with correlation id 1 epoch 5 for partition __consumer_offsets-10 since its associated leader epoch 0 matches the current leader epoch (state.change.logger)
[2021-09-14 10:42:42,137] INFO [Broker id=0] Ignoring LeaderAndIsr request from controller 0 with correlation id 1 epoch 5 for partition __consumer_offsets-37 since its associated leader epoch 0 matches the current leader epoch (state.change.logger)
[2021-09-14 10:42:42,143] INFO [Broker id=0] Ignoring LeaderAndIsr request from controller 0 with correlation id 1 epoch 5 for partition __consumer_offsets-48 since its associated leader epoch 0 matches the current leader epoch (state.change.logger)
[2021-09-14 10:42:42,147] INFO [Broker id=0] Ignoring LeaderAndIsr request from controller 0 with correlation id 1 epoch 5 for partition __consumer_offsets-40 since its associated leader epoch 0 matches the current leader epoch (state.change.logger)
[2021-09-14 10:42:42,151] INFO [Broker id=0] Ignoring LeaderAndIsr request from controller 0 with correlation id 1 epoch 5 for partition __consumer_offsets-29 since its associated leader epoch 0 matches the current leader epoch (state.change.logger)
[2021-09-14 10:42:42,156] INFO [Broker id=0] Ignoring LeaderAndIsr request from controller 0 with correlation id 1 epoch 5 for partition __consumer_offsets-18 since its associated leader epoch 0 matches the current leader epoch (state.change.logger)
[2021-09-14 10:42:42,161] INFO [Broker id=0] Ignoring LeaderAndIsr request from controller 0 with correlation id 1 epoch 5 for partition __consumer_offsets-7 since its associated leader epoch 0 matches the current leader epoch (state.change.logger)
[2021-09-14 10:42:42,165] INFO [Broker id=0] Ignoring LeaderAndIsr request from controller 0 with correlation id 1 epoch 5 for partition __consumer_offsets-23 since its associated leader epoch 0 matches the current leader epoch (state.change.logger)
[2021-09-14 10:42:42,170] INFO [Broker id=0] Ignoring LeaderAndIsr request from controller 0 with correlation id 1 epoch 5 for partition __consumer_offsets-34 since its associated leader epoch 0 matches the current leader epoch (state.change.logger)
[2021-09-14 10:42:42,174] INFO [Broker id=0] Ignoring LeaderAndIsr request from controller 0 with correlation id 1 epoch 5 for partition __consumer_offsets-45 since its associated leader epoch 0 matches the current leader epoch (state.change.logger)
[2021-09-14 10:42:42,178] INFO [Broker id=0] Ignoring LeaderAndIsr request from controller 0 with correlation id 1 epoch 5 for partition __consumer_offsets-26 since its associated leader epoch 0 matches the current leader epoch (state.change.logger)
[2021-09-14 10:42:42,182] INFO [Broker id=0] Ignoring LeaderAndIsr request from controller 0 with correlation id 1 epoch 5 for partition __consumer_offsets-4 since its associated leader epoch 0 matches the current leader epoch (state.change.logger)
[2021-09-14 10:42:42,189] INFO [Broker id=0] Ignoring LeaderAndIsr request from controller 0 with correlation id 1 epoch 5 for partition __consumer_offsets-15 since its associated leader epoch 0 matches the current leader epoch (state.change.logger)
[2021-09-14 10:42:42,194] INFO [Broker id=0] Ignoring LeaderAndIsr request from controller 0 with correlation id 1 epoch 5 for partition __consumer_offsets-42 since its associated leader epoch 0 matches the current leader epoch (state.change.logger)
[2021-09-14 10:42:42,198] INFO [Broker id=0] Ignoring LeaderAndIsr request from controller 0 with correlation id 1 epoch 5 for partition __consumer_offsets-20 since its associated leader epoch 0 matches the current leader epoch (state.change.logger)
[2021-09-14 10:42:42,201] INFO [Broker id=0] Ignoring LeaderAndIsr request from controller 0 with correlation id 1 epoch 5 for partition __consumer_offsets-31 since its associated leader epoch 0 matches the current leader epoch (state.change.logger)
[2021-09-14 10:42:42,204] INFO [Broker id=0] Ignoring LeaderAndIsr request from controller 0 with correlation id 1 epoch 5 for partition __consumer_offsets-9 since its associated leader epoch 0 matches the current leader epoch (state.change.logger)
[2021-09-14 10:42:42,208] INFO [Broker id=0] Ignoring LeaderAndIsr request from controller 0 with correlation id 1 epoch 5 for partition __consumer_offsets-1 since its associated leader epoch 0 matches the current leader epoch (state.change.logger)
[2021-09-14 10:42:42,211] INFO [Broker id=0] Ignoring LeaderAndIsr request from controller 0 with correlation id 1 epoch 5 for partition __consumer_offsets-12 since its associated leader epoch 0 matches the current leader epoch (state.change.logger)
[2021-09-14 10:42:42,217] INFO [Broker id=0] Ignoring LeaderAndIsr request from controller 0 with correlation id 1 epoch 5 for partition __consumer_offsets-28 since its associated leader epoch 0 matches the current leader epoch (state.change.logger)
[2021-09-14 10:42:42,222] INFO [Broker id=0] Ignoring LeaderAndIsr request from controller 0 with correlation id 1 epoch 5 for partition __consumer_offsets-17 since its associated leader epoch 0 matches the current leader epoch (state.change.logger)
[2021-09-14 10:42:42,226] INFO [Broker id=0] Ignoring LeaderAndIsr request from controller 0 with correlation id 1 epoch 5 for partition __consumer_offsets-6 since its associated leader epoch 0 matches the current leader epoch (state.change.logger)
[2021-09-14 10:42:42,229] INFO [Broker id=0] Ignoring LeaderAndIsr request from controller 0 with correlation id 1 epoch 5 for partition __consumer_offsets-39 since its associated leader epoch 0 matches the current leader epoch (state.change.logger)
[2021-09-14 10:42:42,232] INFO [Broker id=0] Ignoring LeaderAndIsr request from controller 0 with correlation id 1 epoch 5 for partition __consumer_offsets-44 since its associated leader epoch 0 matches the current leader epoch (state.change.logger)
[2021-09-14 10:42:42,236] INFO [Broker id=0] Ignoring LeaderAndIsr request from controller 0 with correlation id 1 epoch 5 for partition __consumer_offsets-47 since its associated leader epoch 0 matches the current leader epoch (state.change.logger)
[2021-09-14 10:42:42,240] INFO [Broker id=0] Ignoring LeaderAndIsr request from controller 0 with correlation id 1 epoch 5 for partition __consumer_offsets-36 since its associated leader epoch 0 matches the current leader epoch (state.change.logger)
[2021-09-14 10:42:42,244] INFO [Broker id=0] Ignoring LeaderAndIsr request from controller 0 with correlation id 1 epoch 5 for partition __consumer_offsets-14 since its associated leader epoch 0 matches the current leader epoch (state.change.logger)
[2021-09-14 10:42:42,248] INFO [Broker id=0] Ignoring LeaderAndIsr request from controller 0 with correlation id 1 epoch 5 for partition __consumer_offsets-25 since its associated leader epoch 0 matches the current leader epoch (state.change.logger)
[2021-09-14 10:42:42,255] INFO [Broker id=0] Ignoring LeaderAndIsr request from controller 0 with correlation id 1 epoch 5 for partition __consumer_offsets-3 since its associated leader epoch 0 matches the current leader epoch (state.change.logger)
[2021-09-14 10:42:42,258] INFO [Broker id=0] Ignoring LeaderAndIsr request from controller 0 with correlation id 1 epoch 5 for partition __consumer_offsets-41 since its associated leader epoch 0 matches the current leader epoch (state.change.logger)
[2021-09-14 10:42:42,262] INFO [Broker id=0] Ignoring LeaderAndIsr request from controller 0 with correlation id 1 epoch 5 for partition __consumer_offsets-30 since its associated leader epoch 0 matches the current leader epoch (state.change.logger)
[2021-09-14 10:42:42,267] INFO [Broker id=0] Ignoring LeaderAndIsr request from controller 0 with correlation id 1 epoch 5 for partition __consumer_offsets-22 since its associated leader epoch 0 matches the current leader epoch (state.change.logger)
[2021-09-14 10:42:42,271] INFO [Broker id=0] Ignoring LeaderAndIsr request from controller 0 with correlation id 1 epoch 5 for partition __consumer_offsets-11 since its associated leader epoch 0 matches the current leader epoch (state.change.logger)
[2021-09-14 10:42:42,275] INFO [Broker id=0] Ignoring LeaderAndIsr request from controller 0 with correlation id 1 epoch 5 for partition __consumer_offsets-33 since its associated leader epoch 0 matches the current leader epoch (state.change.logger)
[2021-09-14 10:42:42,279] INFO [Broker id=0] Ignoring LeaderAndIsr request from controller 0 with correlation id 1 epoch 5 for partition __consumer_offsets-0 since its associated leader epoch 0 matches the current leader epoch (state.change.logger)
[2021-09-14 10:42:42,280] INFO [Broker id=0] Finished LeaderAndIsr request in 270ms correlationId 1 from controller 0 for 52 partitions (state.change.logger)
[2021-09-14 10:42:42,283] INFO [Broker id=0] Add 52 partitions and deleted 0 partitions from metadata cache in response to UpdateMetadata request sent by controller 0 epoch 5 with correlation id 2 (state.change.logger)
