[2021-09-10 12:50:47,771] DEBUG preRegister called. Server=com.sun.jmx.mbeanserver.JmxMBeanServer@ed9d034, name=log4j:logger=kafka.controller (kafka.controller)
[2021-09-10 12:51:31,447] INFO [ControllerEventThread controllerId=1] Starting (kafka.controller.ControllerEventManager$ControllerEventThread)
[2021-09-10 12:51:31,474] INFO [Controller id=1] 1 successfully elected as the controller. Epoch incremented to 1 and epoch zk version is now 1 (kafka.controller.KafkaController)
[2021-09-10 12:51:31,479] INFO [Controller id=1] Creating FeatureZNode at path: /feature with contents: FeatureZNode(Enabled,Features{}) (kafka.controller.KafkaController)
[2021-09-10 12:51:31,514] INFO [Controller id=1] Registering handlers (kafka.controller.KafkaController)
[2021-09-10 12:51:31,518] INFO [Controller id=1] Deleting log dir event notifications (kafka.controller.KafkaController)
[2021-09-10 12:51:31,521] INFO [Controller id=1] Deleting isr change notifications (kafka.controller.KafkaController)
[2021-09-10 12:51:31,524] INFO [Controller id=1] Initializing controller context (kafka.controller.KafkaController)
[2021-09-10 12:51:31,541] INFO [Controller id=1] Initialized broker epochs cache: HashMap(1 -> 25) (kafka.controller.KafkaController)
[2021-09-10 12:51:31,548] DEBUG [Controller id=1] Register BrokerModifications handler for Set(1) (kafka.controller.KafkaController)
[2021-09-10 12:51:31,554] DEBUG [Channel manager on controller 1]: Controller 1 trying to connect to broker 1 (kafka.controller.ControllerChannelManager)
[2021-09-10 12:51:31,565] INFO [RequestSendThread controllerId=1] Starting (kafka.controller.RequestSendThread)
[2021-09-10 12:51:31,568] INFO [Controller id=1] Currently active brokers in the cluster: Set(1) (kafka.controller.KafkaController)
[2021-09-10 12:51:31,568] INFO [Controller id=1] Currently shutting brokers in the cluster: HashSet() (kafka.controller.KafkaController)
[2021-09-10 12:51:31,568] INFO [Controller id=1] Current list of topics in the cluster: HashSet() (kafka.controller.KafkaController)
[2021-09-10 12:51:31,569] INFO [Controller id=1] Fetching topic deletions in progress (kafka.controller.KafkaController)
[2021-09-10 12:51:31,571] INFO [Controller id=1] List of topics to be deleted:  (kafka.controller.KafkaController)
[2021-09-10 12:51:31,571] INFO [Controller id=1] List of topics ineligible for deletion:  (kafka.controller.KafkaController)
[2021-09-10 12:51:31,571] INFO [Controller id=1] Initializing topic deletion manager (kafka.controller.KafkaController)
[2021-09-10 12:51:31,572] INFO [Topic Deletion Manager 1] Initializing manager with initial deletions: Set(), initial ineligible deletions: HashSet() (kafka.controller.TopicDeletionManager)
[2021-09-10 12:51:31,573] INFO [Controller id=1] Sending update metadata request (kafka.controller.KafkaController)
[2021-09-10 12:51:31,583] INFO [ReplicaStateMachine controllerId=1] Initializing replica state (kafka.controller.ZkReplicaStateMachine)
[2021-09-10 12:51:31,584] INFO [ReplicaStateMachine controllerId=1] Triggering online replica state changes (kafka.controller.ZkReplicaStateMachine)
[2021-09-10 12:51:31,588] INFO [ReplicaStateMachine controllerId=1] Triggering offline replica state changes (kafka.controller.ZkReplicaStateMachine)
[2021-09-10 12:51:31,588] DEBUG [ReplicaStateMachine controllerId=1] Started replica state machine with initial state -> HashMap() (kafka.controller.ZkReplicaStateMachine)
[2021-09-10 12:51:31,589] INFO [PartitionStateMachine controllerId=1] Initializing partition state (kafka.controller.ZkPartitionStateMachine)
[2021-09-10 12:51:31,589] INFO [PartitionStateMachine controllerId=1] Triggering online partition state changes (kafka.controller.ZkPartitionStateMachine)
[2021-09-10 12:51:31,593] DEBUG [PartitionStateMachine controllerId=1] Started partition state machine with initial state -> HashMap() (kafka.controller.ZkPartitionStateMachine)
[2021-09-10 12:51:31,593] INFO [Controller id=1] Ready to serve as the new controller with epoch 1 (kafka.controller.KafkaController)
[2021-09-10 12:51:31,595] INFO [RequestSendThread controllerId=1] Controller 1 connected to DESKTOP-JOUQIAF:9092 (id: 1 rack: null) for sending state change requests (kafka.controller.RequestSendThread)
[2021-09-10 12:51:31,600] INFO [Controller id=1] Partitions undergoing preferred replica election:  (kafka.controller.KafkaController)
[2021-09-10 12:51:31,601] INFO [Controller id=1] Partitions that completed preferred replica election:  (kafka.controller.KafkaController)
[2021-09-10 12:51:31,602] INFO [Controller id=1] Skipping preferred replica election for partitions due to topic deletion:  (kafka.controller.KafkaController)
[2021-09-10 12:51:31,602] INFO [Controller id=1] Resuming preferred replica election for partitions:  (kafka.controller.KafkaController)
[2021-09-10 12:51:31,604] INFO [Controller id=1] Starting replica leader election (PREFERRED) for partitions  triggered by ZkTriggered (kafka.controller.KafkaController)
[2021-09-10 12:51:31,623] INFO [Controller id=1] Starting the controller scheduler (kafka.controller.KafkaController)
[2021-09-10 12:51:36,627] INFO [Controller id=1] Processing automatic preferred replica leader election (kafka.controller.KafkaController)
[2021-09-10 12:51:36,628] TRACE [Controller id=1] Checking need to trigger auto leader balancing (kafka.controller.KafkaController)
[2021-09-10 12:51:55,676] INFO [Controller id=1] Newly added brokers: 2, deleted brokers: , bounced brokers: , all live brokers: 1,2 (kafka.controller.KafkaController)
[2021-09-10 12:51:55,677] DEBUG [Channel manager on controller 1]: Controller 1 trying to connect to broker 2 (kafka.controller.ControllerChannelManager)
[2021-09-10 12:51:55,680] INFO [RequestSendThread controllerId=1] Starting (kafka.controller.RequestSendThread)
[2021-09-10 12:51:55,681] INFO [Controller id=1] New broker startup callback for 2 (kafka.controller.KafkaController)
[2021-09-10 12:51:55,684] INFO [RequestSendThread controllerId=1] Controller 1 connected to DESKTOP-JOUQIAF:9093 (id: 2 rack: null) for sending state change requests (kafka.controller.RequestSendThread)
[2021-09-10 12:51:55,685] DEBUG [Controller id=1] Register BrokerModifications handler for List(2) (kafka.controller.KafkaController)
[2021-09-10 12:51:55,687] INFO [Controller id=1] Updated broker epochs cache: HashMap(1 -> 25, 2 -> 46) (kafka.controller.KafkaController)
[2021-09-10 12:51:55,731] INFO [ControllerEventThread controllerId=2] Starting (kafka.controller.ControllerEventManager$ControllerEventThread)
[2021-09-10 12:51:55,742] DEBUG [Controller id=2] Broker 1 has been elected as the controller, so stopping the election process. (kafka.controller.KafkaController)
[2021-09-10 12:56:36,646] INFO [Controller id=1] Processing automatic preferred replica leader election (kafka.controller.KafkaController)
[2021-09-10 12:56:36,647] TRACE [Controller id=1] Checking need to trigger auto leader balancing (kafka.controller.KafkaController)
[2021-09-10 13:01:36,659] INFO [Controller id=1] Processing automatic preferred replica leader election (kafka.controller.KafkaController)
[2021-09-10 13:01:36,661] TRACE [Controller id=1] Checking need to trigger auto leader balancing (kafka.controller.KafkaController)
[2021-09-10 13:06:36,676] INFO [Controller id=1] Processing automatic preferred replica leader election (kafka.controller.KafkaController)
[2021-09-10 13:06:36,677] TRACE [Controller id=1] Checking need to trigger auto leader balancing (kafka.controller.KafkaController)
